[2016-08-28 02:59:09] Executing bootstrap tasks
[2016-08-28 02:59:09] Java(TM) SE Runtime Environment 1.8.0_102-b14
[2016-08-28 02:59:09] Product org.eclipse.products.epp.package.java.neon
[2016-08-28 02:59:09] Bundle org.eclipse.oomph.setup 1.4.0.v20160530-1355, build=2444, branch=d2a285619d608146f2b29fa5d42db7d6201863c2
[2016-08-28 02:59:09] Bundle org.eclipse.oomph.setup.core 1.4.0.v20160530-1200, build=2444, branch=d2a285619d608146f2b29fa5d42db7d6201863c2
[2016-08-28 02:59:09] Bundle org.eclipse.oomph.setup.installer 1.4.0.v20160530-1200, build=2444, branch=d2a285619d608146f2b29fa5d42db7d6201863c2
[2016-08-28 02:59:09] Bundle org.eclipse.oomph.setup.p2 1.4.0.v20160530-1200, build=2444, branch=d2a285619d608146f2b29fa5d42db7d6201863c2
[2016-08-28 02:59:10] Performing P2 Director (Eclipse IDE for Java Developers (Neon))
[2016-08-28 02:59:10] Offline = false
[2016-08-28 02:59:10] Mirrors = true
[2016-08-28 02:59:10] Resolving 23 requirements from 3 repositories to /Users/LesterRamos/java-neon/Eclipse.app/Contents/Eclipse
[2016-08-28 02:59:10] Requirement epp.package.java [4.6.0,4.7.0)
[2016-08-28 02:59:10] Requirement org.eclipse.platform.feature.group [4.6.0,4.7.0)
[2016-08-28 02:59:10] Requirement org.eclipse.rcp.feature.group [4.6.0,4.7.0)
[2016-08-28 02:59:10] Requirement org.eclipse.buildship.feature.group
[2016-08-28 02:59:10] Requirement org.eclipse.egit.feature.group
[2016-08-28 02:59:10] Requirement org.eclipse.egit.mylyn.feature.group
[2016-08-28 02:59:10] Requirement org.eclipse.jdt.feature.group
[2016-08-28 02:59:10] Requirement org.eclipse.jgit.feature.group
[2016-08-28 02:59:10] Requirement org.eclipse.m2e.feature.feature.group
[2016-08-28 02:59:10] Requirement org.eclipse.m2e.logback.feature.feature.group
[2016-08-28 02:59:10] Requirement org.eclipse.mylyn.bugzilla_feature.feature.group
[2016-08-28 02:59:10] Requirement org.eclipse.mylyn.context_feature.feature.group
[2016-08-28 02:59:10] Requirement org.eclipse.mylyn.git.feature.group
[2016-08-28 02:59:10] Requirement org.eclipse.mylyn.hudson.feature.group
[2016-08-28 02:59:10] Requirement org.eclipse.mylyn.ide_feature.feature.group
[2016-08-28 02:59:10] Requirement org.eclipse.mylyn.java_feature.feature.group
[2016-08-28 02:59:10] Requirement org.eclipse.mylyn.wikitext_feature.feature.group
[2016-08-28 02:59:10] Requirement org.eclipse.mylyn_feature.feature.group
[2016-08-28 02:59:10] Requirement org.eclipse.recommenders.mylyn.rcp.feature.feature.group
[2016-08-28 02:59:10] Requirement org.eclipse.recommenders.rcp.feature.feature.group
[2016-08-28 02:59:10] Requirement org.eclipse.recommenders.snipmatch.rcp.feature.feature.group
[2016-08-28 02:59:10] Requirement org.eclipse.wst.xml_ui.feature.feature.group
[2016-08-28 02:59:10] Requirement org.eclipse.oomph.setup.feature.group
[2016-08-28 02:59:10] Repository http://download.eclipse.org/technology/epp/packages/neon
[2016-08-28 02:59:10] Repository http://download.eclipse.org/releases/neon/201606221000
[2016-08-28 02:59:10] Repository http://download.eclipse.org/oomph/updates/milestone/latest
[2016-08-28 02:59:15] Calculating requirements and dependencies.
[2016-08-28 02:59:16] Computing prerequisite plan
[2016-08-28 02:59:18] Collecting 533 artifacts from file:/Users/LesterRamos/.p2/pool/
[2016-08-28 02:59:18] Downloading ch.qos.logback.classic
[2016-08-28 02:59:18] Downloading ch.qos.logback.core
[2016-08-28 02:59:18] Downloading ch.qos.logback.slf4j
[2016-08-28 02:59:18] Downloading com.google.gson
[2016-08-28 02:59:18] Downloading com.google.guava
[2016-08-28 02:59:18] Downloading com.google.inject
[2016-08-28 02:59:18] Downloading com.google.inject.multibindings
[2016-08-28 02:59:18] Downloading com.gradleware.tooling.client
[2016-08-28 02:59:19] Downloading com.gradleware.tooling.model
[2016-08-28 02:59:19] Downloading com.gradleware.tooling.utils
[2016-08-28 02:59:19] Downloading com.ibm.icu
[2016-08-28 02:59:20] Downloading com.jcraft.jsch
[2016-08-28 02:59:20] Downloading com.sun.el
[2016-08-28 02:59:21] Downloading javaewah
[2016-08-28 02:59:21] Downloading javax.annotation
[2016-08-28 02:59:21] Downloading javax.el
[2016-08-28 02:59:21] Downloading javax.inject
[2016-08-28 02:59:21] Downloading javax.servlet
[2016-08-28 02:59:21] Downloading javax.servlet.jsp
[2016-08-28 02:59:21] Downloading javax.xml
[2016-08-28 02:59:21] Downloading org.apache.ant
[2016-08-28 02:59:22] Downloading org.apache.batik.css
[2016-08-28 02:59:22] Downloading org.apache.batik.util
[2016-08-28 02:59:22] Downloading org.apache.batik.util.gui
[2016-08-28 02:59:22] Downloading org.apache.commons.codec
[2016-08-28 02:59:22] Downloading org.apache.commons.compress
[2016-08-28 02:59:22] Downloading org.apache.commons.httpclient
[2016-08-28 02:59:22] Downloading org.apache.commons.io
[2016-08-28 02:59:22] Downloading org.apache.commons.jxpath
[2016-08-28 02:59:22] Downloading org.apache.commons.lang
[2016-08-28 02:59:22] Downloading org.apache.commons.lang3
[2016-08-28 02:59:22] Downloading org.apache.commons.logging
[2016-08-28 02:59:22] Downloading org.apache.commons.math
[2016-08-28 02:59:22] Downloading org.apache.commons.pool
[2016-08-28 02:59:22] Downloading org.apache.felix.gogo.command
[2016-08-28 02:59:22] Downloading org.apache.felix.gogo.runtime
[2016-08-28 02:59:22] Downloading org.apache.felix.gogo.shell
[2016-08-28 02:59:22] Downloading org.apache.httpcomponents.httpclient
[2016-08-28 02:59:23] Downloading org.apache.httpcomponents.httpcore
[2016-08-28 02:59:23] Downloading org.apache.jasper.glassfish
[2016-08-28 02:59:23] Downloading org.apache.log4j
[2016-08-28 02:59:23] Downloading org.apache.lucene.analysis
[2016-08-28 02:59:23] Downloading org.apache.lucene.core
[2016-08-28 02:59:23] Downloading org.apache.solr.client.solrj
[2016-08-28 02:59:23] Downloading org.apache.ws.commons.util
[2016-08-28 02:59:23] Downloading org.apache.xerces
[2016-08-28 02:59:23] Downloading org.apache.xml.resolver
[2016-08-28 02:59:23] Downloading org.apache.xml.serializer
[2016-08-28 02:59:23] Downloading org.apache.xmlrpc
[2016-08-28 02:59:23] Downloading org.eclipse.aether.api
[2016-08-28 02:59:23] Downloading org.eclipse.aether.connector.basic
[2016-08-28 02:59:23] Downloading org.eclipse.aether.connector.basic.feature
[2016-08-28 02:59:23] Downloading org.eclipse.aether.feature
[2016-08-28 02:59:23] Downloading org.eclipse.aether.impl
[2016-08-28 02:59:23] Downloading org.eclipse.aether.maven
[2016-08-28 02:59:24] Downloading org.eclipse.aether.maven.feature
[2016-08-28 02:59:24] Downloading org.eclipse.aether.spi
[2016-08-28 02:59:24] Downloading org.eclipse.aether.transport.file
[2016-08-28 02:59:24] Downloading org.eclipse.aether.transport.file.feature
[2016-08-28 02:59:24] Downloading org.eclipse.aether.transport.http
[2016-08-28 02:59:24] Downloading org.eclipse.aether.transport.http.feature
[2016-08-28 02:59:24] Downloading org.eclipse.aether.util
[2016-08-28 02:59:24] Downloading org.eclipse.ant.core
[2016-08-28 02:59:24] Downloading org.eclipse.ant.launching
[2016-08-28 02:59:24] Downloading org.eclipse.ant.ui
[2016-08-28 02:59:24] Downloading org.eclipse.buildship.branding
[2016-08-28 02:59:24] Downloading org.eclipse.buildship.core
[2016-08-28 02:59:24] Downloading org.eclipse.buildship
[2016-08-28 02:59:24] Downloading org.eclipse.buildship.stsmigration
[2016-08-28 02:59:24] Downloading org.eclipse.buildship.ui
[2016-08-28 02:59:24] Downloading org.eclipse.compare
[2016-08-28 02:59:24] Downloading org.eclipse.compare.core
[2016-08-28 02:59:24] Downloading org.eclipse.core.commands
[2016-08-28 02:59:24] Downloading org.eclipse.core.contenttype
[2016-08-28 02:59:24] Downloading org.eclipse.core.databinding
[2016-08-28 02:59:24] Downloading org.eclipse.core.databinding.beans
[2016-08-28 02:59:24] Downloading org.eclipse.core.databinding.observable
[2016-08-28 02:59:24] Downloading org.eclipse.core.databinding.property
[2016-08-28 02:59:24] Downloading org.eclipse.core.expressions
[2016-08-28 02:59:24] Downloading org.eclipse.core.externaltools
[2016-08-28 02:59:24] Downloading org.eclipse.core.filebuffers
[2016-08-28 02:59:24] Downloading org.eclipse.core.filesystem
[2016-08-28 02:59:24] Downloading org.eclipse.core.filesystem.macosx
[2016-08-28 02:59:24] Downloading org.eclipse.core.jobs
[2016-08-28 02:59:25] Downloading org.eclipse.core.net
[2016-08-28 02:59:25] Downloading org.eclipse.core.resources
[2016-08-28 02:59:25] Downloading org.eclipse.core.runtime
[2016-08-28 02:59:25] Downloading org.eclipse.core.variables
[2016-08-28 02:59:25] Downloading org.eclipse.debug.core
[2016-08-28 02:59:25] Downloading org.eclipse.debug.ui
[2016-08-28 02:59:25] Downloading org.eclipse.draw2d
[2016-08-28 02:59:25] Downloading org.eclipse.e4.core.commands
[2016-08-28 02:59:25] Downloading org.eclipse.e4.core.contexts
[2016-08-28 02:59:25] Downloading org.eclipse.e4.core.di
[2016-08-28 02:59:25] Downloading org.eclipse.e4.core.di.annotations
[2016-08-28 02:59:25] Downloading org.eclipse.e4.core.di.extensions
[2016-08-28 02:59:25] Downloading org.eclipse.e4.core.services
[2016-08-28 02:59:25] Downloading org.eclipse.e4.emf.xpath
[2016-08-28 02:59:25] Downloading org.eclipse.e4.rcp
[2016-08-28 02:59:25] Downloading org.eclipse.e4.ui.bindings
[2016-08-28 02:59:25] Downloading org.eclipse.e4.ui.css.core
[2016-08-28 02:59:26] Downloading org.eclipse.e4.ui.css.swt
[2016-08-28 02:59:26] Downloading org.eclipse.e4.ui.css.swt.theme
[2016-08-28 02:59:26] Downloading org.eclipse.e4.ui.di
[2016-08-28 02:59:26] Downloading org.eclipse.e4.ui.dialogs
[2016-08-28 02:59:26] Downloading org.eclipse.e4.ui.model.workbench
[2016-08-28 02:59:26] Downloading org.eclipse.e4.ui.services
[2016-08-28 02:59:26] Downloading org.eclipse.e4.ui.widgets
[2016-08-28 02:59:26] Downloading org.eclipse.e4.ui.workbench
[2016-08-28 02:59:26] Downloading org.eclipse.e4.ui.workbench.addons.swt
[2016-08-28 02:59:26] Downloading org.eclipse.e4.ui.workbench.renderers.swt
[2016-08-28 02:59:26] Downloading org.eclipse.e4.ui.workbench.renderers.swt.cocoa
[2016-08-28 02:59:26] Downloading org.eclipse.e4.ui.workbench.swt
[2016-08-28 02:59:26] Downloading org.eclipse.e4.ui.workbench3
[2016-08-28 02:59:26] Downloading org.eclipse.ecf
[2016-08-28 02:59:26] Downloading org.eclipse.ecf.core.feature
[2016-08-28 02:59:26] Downloading org.eclipse.ecf.core.ssl.feature
[2016-08-28 02:59:26] Downloading org.eclipse.ecf.filetransfer
[2016-08-28 02:59:28] Downloading org.eclipse.ecf.filetransfer.feature
[2016-08-28 02:59:28] Downloading org.eclipse.ecf.filetransfer.httpclient4.feature
[2016-08-28 02:59:28] Downloading org.eclipse.ecf.filetransfer.httpclient4.ssl.feature
[2016-08-28 02:59:28] Downloading org.eclipse.ecf.filetransfer.ssl.feature
[2016-08-28 02:59:28] Downloading org.eclipse.ecf.identity
[2016-08-28 02:59:28] Downloading org.eclipse.ecf.provider.filetransfer
[2016-08-28 02:59:28] Downloading org.eclipse.ecf.provider.filetransfer.httpclient4
[2016-08-28 02:59:28] Downloading org.eclipse.ecf.provider.filetransfer.httpclient4.ssl
[2016-08-28 02:59:28] Downloading org.eclipse.ecf.provider.filetransfer.ssl
[2016-08-28 02:59:28] Downloading org.eclipse.ecf.ssl
[2016-08-28 02:59:28] Downloading org.eclipse.egit
[2016-08-28 02:59:28] Downloading org.eclipse.egit.core
[2016-08-28 02:59:28] Downloading org.eclipse.egit.doc
[2016-08-28 02:59:28] Downloading org.eclipse.egit
[2016-08-28 02:59:28] Downloading org.eclipse.egit.mylyn
[2016-08-28 02:59:28] Downloading org.eclipse.egit.mylyn.ui
[2016-08-28 02:59:28] Downloading org.eclipse.egit.ui
[2016-08-28 02:59:29] Downloading org.eclipse.emf.common
[2016-08-28 02:59:29] Downloading org.eclipse.emf.common.ui
[2016-08-28 02:59:29] Downloading org.eclipse.emf.databinding
[2016-08-28 02:59:29] Downloading org.eclipse.emf.ecore
[2016-08-28 02:59:29] Downloading org.eclipse.emf.ecore.change
[2016-08-28 02:59:29] Downloading org.eclipse.emf.ecore.edit
[2016-08-28 02:59:29] Downloading org.eclipse.emf.ecore
[2016-08-28 02:59:29] Downloading org.eclipse.emf.ecore.xmi
[2016-08-28 02:59:29] Downloading org.eclipse.emf.edit
[2016-08-28 02:59:29] Downloading org.eclipse.emf.edit.ui
[2016-08-28 02:59:29] Downloading org.eclipse.epp.logging.aeri.core
[2016-08-28 02:59:29] Downloading org.eclipse.epp.logging.aeri.feature
[2016-08-28 02:59:29] Downloading org.eclipse.epp.logging.aeri.ide
[2016-08-28 02:59:29] Downloading org.eclipse.epp.mpc.core
[2016-08-28 02:59:29] Downloading org.eclipse.epp.mpc
[2016-08-28 02:59:29] Downloading org.eclipse.epp.mpc.help.ui
[2016-08-28 02:59:29] Downloading org.eclipse.epp.mpc.ui
[2016-08-28 02:59:29] Downloading org.eclipse.epp.package.common.feature
[2016-08-28 02:59:30] Downloading org.eclipse.epp.package.java
[2016-08-28 02:59:30] Downloading org.eclipse.epp.package.java.feature
[2016-08-28 02:59:30] Downloading org.eclipse.equinox.app
[2016-08-28 02:59:30] Downloading org.eclipse.equinox.bidi
[2016-08-28 02:59:30] Downloading org.eclipse.equinox.common
[2016-08-28 02:59:30] Downloading org.eclipse.equinox.concurrent
[2016-08-28 02:59:30] Downloading org.eclipse.equinox.console
[2016-08-28 02:59:30] Downloading org.eclipse.equinox.ds
[2016-08-28 02:59:30] Downloading org.eclipse.equinox.event
[2016-08-28 02:59:30] Downloading org.eclipse.equinox.frameworkadmin
[2016-08-28 02:59:30] Downloading org.eclipse.equinox.frameworkadmin.equinox
[2016-08-28 02:59:30] Downloading org.eclipse.equinox.http.jetty
[2016-08-28 02:59:30] Downloading org.eclipse.equinox.http.registry
[2016-08-28 02:59:30] Downloading org.eclipse.equinox.http.servlet
[2016-08-28 02:59:30] Downloading org.eclipse.equinox.jsp.jasper
[2016-08-28 02:59:30] Downloading org.eclipse.equinox.jsp.jasper.registry
[2016-08-28 02:59:30] Downloading org.eclipse.equinox.launcher
[2016-08-28 02:59:30] Downloading org.eclipse.equinox.launcher.cocoa.macosx.x86_64
[2016-08-28 02:59:30] Downloading org.eclipse.equinox.p2.artifact.repository
[2016-08-28 02:59:30] Downloading org.eclipse.equinox.p2.console
[2016-08-28 02:59:30] Downloading org.eclipse.equinox.p2.core
[2016-08-28 02:59:30] Downloading org.eclipse.equinox.p2.core.feature
[2016-08-28 02:59:30] Downloading org.eclipse.equinox.p2.director
[2016-08-28 02:59:30] Downloading org.eclipse.equinox.p2.director.app
[2016-08-28 02:59:30] Downloading org.eclipse.equinox.p2.directorywatcher
[2016-08-28 02:59:30] Downloading org.eclipse.equinox.p2.discovery
[2016-08-28 02:59:30] Downloading org.eclipse.equinox.p2.discovery.compatibility
[2016-08-28 02:59:30] Downloading org.eclipse.equinox.p2.discovery.feature
[2016-08-28 02:59:30] Downloading org.eclipse.equinox.p2.engine
[2016-08-28 02:59:30] Downloading org.eclipse.equinox.p2.extensionlocation
[2016-08-28 02:59:30] Downloading org.eclipse.equinox.p2.extras.feature
[2016-08-28 02:59:30] Downloading org.eclipse.equinox.p2.garbagecollector
[2016-08-28 02:59:30] Downloading org.eclipse.equinox.p2.jarprocessor
[2016-08-28 02:59:30] Downloading org.eclipse.equinox.p2.metadata
[2016-08-28 02:59:31] Downloading org.eclipse.equinox.p2.metadata.repository
[2016-08-28 02:59:31] Downloading org.eclipse.equinox.p2.operations
[2016-08-28 02:59:31] Downloading org.eclipse.equinox.p2.publisher
[2016-08-28 02:59:31] Downloading org.eclipse.equinox.p2.publisher.eclipse
[2016-08-28 02:59:31] Downloading org.eclipse.equinox.p2.rcp.feature
[2016-08-28 02:59:31] Downloading org.eclipse.equinox.p2.reconciler.dropins
[2016-08-28 02:59:31] Downloading org.eclipse.equinox.p2.repository
[2016-08-28 02:59:31] Downloading org.eclipse.equinox.p2.repository.tools
[2016-08-28 02:59:31] Downloading org.eclipse.equinox.p2.touchpoint.eclipse
[2016-08-28 02:59:31] Downloading org.eclipse.equinox.p2.touchpoint.natives
[2016-08-28 02:59:31] Downloading org.eclipse.equinox.p2.transport.ecf
[2016-08-28 02:59:31] Downloading org.eclipse.equinox.p2.ui
[2016-08-28 02:59:31] Downloading org.eclipse.equinox.p2.ui.discovery
[2016-08-28 02:59:31] Downloading org.eclipse.equinox.p2.ui.importexport
[2016-08-28 02:59:31] Downloading org.eclipse.equinox.p2.ui.sdk
[2016-08-28 02:59:31] Downloading org.eclipse.equinox.p2.ui.sdk.scheduler
[2016-08-28 02:59:31] Downloading org.eclipse.equinox.p2.updatechecker
[2016-08-28 02:59:31] Downloading org.eclipse.equinox.p2.updatesite
[2016-08-28 02:59:31] Downloading org.eclipse.equinox.p2.user.ui
[2016-08-28 02:59:31] Downloading org.eclipse.equinox.preferences
[2016-08-28 02:59:31] Downloading org.eclipse.equinox.registry
[2016-08-28 02:59:31] Downloading org.eclipse.equinox.security
[2016-08-28 02:59:31] Downloading org.eclipse.equinox.security.macosx
[2016-08-28 02:59:31] Downloading org.eclipse.equinox.security.ui
[2016-08-28 02:59:31] Downloading org.eclipse.equinox.simpleconfigurator
[2016-08-28 02:59:31] Downloading org.eclipse.equinox.simpleconfigurator.manipulator
[2016-08-28 02:59:31] Downloading org.eclipse.equinox.util
[2016-08-28 02:59:31] Downloading org.eclipse.gef
[2016-08-28 02:59:31] Downloading org.eclipse.help
[2016-08-28 02:59:31] Downloading org.eclipse.help.base
[2016-08-28 02:59:31] Downloading org.eclipse.help
[2016-08-28 02:59:31] Downloading org.eclipse.help.ui
[2016-08-28 02:59:31] Downloading org.eclipse.help.webapp
[2016-08-28 02:59:32] Downloading org.eclipse.jdt
[2016-08-28 02:59:32] Downloading org.eclipse.jdt.annotation
[2016-08-28 02:59:32] Downloading org.eclipse.jdt.apt.core
[2016-08-28 02:59:32] Downloading org.eclipse.jdt.apt.pluggable.core
[2016-08-28 02:59:32] Downloading org.eclipse.jdt.apt.ui
[2016-08-28 02:59:32] Downloading org.eclipse.jdt.compiler.apt
[2016-08-28 02:59:32] Downloading org.eclipse.jdt.compiler.tool
[2016-08-28 02:59:32] Downloading org.eclipse.jdt.core
[2016-08-28 02:59:32] Downloading org.eclipse.jdt.core.manipulation
[2016-08-28 02:59:33] Downloading org.eclipse.jdt.debug
[2016-08-28 02:59:33] Downloading org.eclipse.jdt.debug.ui
[2016-08-28 02:59:33] Downloading org.eclipse.jdt.doc.user
[2016-08-28 02:59:33] Downloading org.eclipse.jdt
[2016-08-28 02:59:33] Downloading org.eclipse.jdt.junit
[2016-08-28 02:59:33] Downloading org.eclipse.jdt.junit.core
[2016-08-28 02:59:34] Downloading org.eclipse.jdt.junit.runtime
[2016-08-28 02:59:34] Downloading org.eclipse.jdt.junit4.runtime
[2016-08-28 02:59:34] Downloading org.eclipse.jdt.launching
[2016-08-28 02:59:34] Downloading org.eclipse.jdt.launching.macosx
[2016-08-28 02:59:34] Downloading org.eclipse.jdt.launching.ui.macosx
[2016-08-28 02:59:34] Downloading org.eclipse.jdt.ui
[2016-08-28 02:59:36] Downloading org.eclipse.jem.util
[2016-08-28 02:59:36] Downloading org.eclipse.jetty.continuation
[2016-08-28 02:59:36] Downloading org.eclipse.jetty.http
[2016-08-28 02:59:36] Downloading org.eclipse.jetty.io
[2016-08-28 02:59:36] Downloading org.eclipse.jetty.security
[2016-08-28 02:59:36] Downloading org.eclipse.jetty.server
[2016-08-28 02:59:36] Downloading org.eclipse.jetty.servlet
[2016-08-28 02:59:36] Downloading org.eclipse.jetty.util
[2016-08-28 02:59:36] Downloading org.eclipse.jface
[2016-08-28 02:59:36] Downloading org.eclipse.jface.databinding
[2016-08-28 02:59:37] Downloading org.eclipse.jface.text
[2016-08-28 02:59:37] Downloading org.eclipse.jgit
[2016-08-28 02:59:37] Downloading org.eclipse.jgit.archive
[2016-08-28 02:59:37] Downloading org.eclipse.jgit
[2016-08-28 02:59:37] Downloading org.eclipse.jsch.core
[2016-08-28 02:59:37] Downloading org.eclipse.jsch.ui
[2016-08-28 02:59:37] Downloading org.eclipse.ltk.core.refactoring
[2016-08-28 02:59:37] Downloading org.eclipse.ltk.ui.refactoring
[2016-08-28 02:59:37] Downloading org.eclipse.m2e.archetype.common
[2016-08-28 02:59:38] Downloading org.eclipse.m2e.core
[2016-08-28 02:59:38] Downloading org.eclipse.m2e.core.ui
[2016-08-28 02:59:38] Downloading org.eclipse.m2e.discovery
[2016-08-28 02:59:38] Downloading org.eclipse.m2e.editor
[2016-08-28 02:59:38] Downloading org.eclipse.m2e.editor.xml
[2016-08-28 02:59:38] Downloading org.eclipse.m2e.feature
[2016-08-28 02:59:38] Downloading org.eclipse.m2e.importer
[2016-08-28 02:59:38] Downloading org.eclipse.m2e.jdt
[2016-08-28 02:59:38] Downloading org.eclipse.m2e.jdt.ui
[2016-08-28 02:59:38] Downloading org.eclipse.m2e.launching
[2016-08-28 02:59:38] Downloading org.eclipse.m2e.lifecyclemapping.defaults
[2016-08-28 02:59:38] Downloading org.eclipse.m2e.logback.appender
[2016-08-28 02:59:38] Downloading org.eclipse.m2e.logback.configuration
[2016-08-28 02:59:38] Downloading org.eclipse.m2e.logback.feature
[2016-08-28 02:59:38] Downloading org.eclipse.m2e.maven.indexer
[2016-08-28 02:59:39] Downloading org.eclipse.m2e.maven.runtime
[2016-08-28 02:59:40] Downloading org.eclipse.m2e.maven.runtime.slf4j.simple
[2016-08-28 02:59:40] Downloading org.eclipse.m2e.model.edit
[2016-08-28 02:59:40] Downloading org.eclipse.m2e.profiles.core
[2016-08-28 02:59:40] Downloading org.eclipse.m2e.profiles.ui
[2016-08-28 02:59:40] Downloading org.eclipse.m2e.refactoring
[2016-08-28 02:59:40] Downloading org.eclipse.m2e.scm
[2016-08-28 02:59:40] Downloading org.eclipse.m2e.workspace.cli
[2016-08-28 02:59:40] Downloading org.eclipse.mylyn.bugzilla.core
[2016-08-28 02:59:40] Downloading org.eclipse.mylyn.bugzilla.ide
[2016-08-28 02:59:40] Downloading org.eclipse.mylyn.bugzilla.ui
[2016-08-28 02:59:40] Downloading org.eclipse.mylyn.bugzilla_feature
[2016-08-28 02:59:40] Downloading org.eclipse.mylyn.builds.core
[2016-08-28 02:59:40] Downloading org.eclipse.mylyn.builds
[2016-08-28 02:59:41] Downloading org.eclipse.mylyn.builds.ui
[2016-08-28 02:59:41] Downloading org.eclipse.mylyn.commons.core
[2016-08-28 02:59:41] Downloading org.eclipse.mylyn.commons
[2016-08-28 02:59:41] Downloading org.eclipse.mylyn.commons.identity.core
[2016-08-28 02:59:41] Downloading org.eclipse.mylyn.commons.identity
[2016-08-28 02:59:41] Downloading org.eclipse.mylyn.commons.net
[2016-08-28 02:59:41] Downloading org.eclipse.mylyn.commons.notifications.core
[2016-08-28 02:59:41] Downloading org.eclipse.mylyn.commons.notifications
[2016-08-28 02:59:41] Downloading org.eclipse.mylyn.commons.notifications.feed
[2016-08-28 02:59:41] Downloading org.eclipse.mylyn.commons.notifications.ui
[2016-08-28 02:59:41] Downloading org.eclipse.mylyn.commons.repositories.core
[2016-08-28 02:59:41] Downloading org.eclipse.mylyn.commons.repositories
[2016-08-28 02:59:41] Downloading org.eclipse.mylyn.commons.repositories.http.core
[2016-08-28 02:59:41] Downloading org.eclipse.mylyn.commons.repositories.http
[2016-08-28 02:59:41] Downloading org.eclipse.mylyn.commons.repositories.ui
[2016-08-28 02:59:41] Downloading org.eclipse.mylyn.commons.screenshots
[2016-08-28 02:59:41] Downloading org.eclipse.mylyn.commons.ui
[2016-08-28 02:59:42] Downloading org.eclipse.mylyn.commons.workbench
[2016-08-28 02:59:42] Downloading org.eclipse.mylyn.commons.xmlrpc
[2016-08-28 02:59:42] Downloading org.eclipse.mylyn.context.core
[2016-08-28 02:59:42] Downloading org.eclipse.mylyn.context.tasks.ui
[2016-08-28 02:59:42] Downloading org.eclipse.mylyn.context.ui
[2016-08-28 02:59:42] Downloading org.eclipse.mylyn.context_feature
[2016-08-28 02:59:42] Downloading org.eclipse.mylyn.debug.ui
[2016-08-28 02:59:42] Downloading org.eclipse.mylyn.discovery.core
[2016-08-28 02:59:42] Downloading org.eclipse.mylyn.discovery
[2016-08-28 02:59:42] Downloading org.eclipse.mylyn.discovery.ui
[2016-08-28 02:59:42] Downloading org.eclipse.mylyn.git.core
[2016-08-28 02:59:42] Downloading org.eclipse.mylyn.git
[2016-08-28 02:59:42] Downloading org.eclipse.mylyn.git.ui
[2016-08-28 02:59:42] Downloading org.eclipse.mylyn.help.ui
[2016-08-28 02:59:43] Downloading org.eclipse.mylyn.hudson.core
[2016-08-28 02:59:43] Downloading org.eclipse.mylyn.hudson
[2016-08-28 02:59:43] Downloading org.eclipse.mylyn.hudson.ui
[2016-08-28 02:59:43] Downloading org.eclipse.mylyn.ide.ant
[2016-08-28 02:59:43] Downloading org.eclipse.mylyn.ide.ui
[2016-08-28 02:59:43] Downloading org.eclipse.mylyn.ide_feature
[2016-08-28 02:59:43] Downloading org.eclipse.mylyn.java.tasks
[2016-08-28 02:59:43] Downloading org.eclipse.mylyn.java.ui
[2016-08-28 02:59:43] Downloading org.eclipse.mylyn.java_feature
[2016-08-28 02:59:43] Downloading org.eclipse.mylyn.monitor.core
[2016-08-28 02:59:43] Downloading org.eclipse.mylyn.monitor
[2016-08-28 02:59:43] Downloading org.eclipse.mylyn.monitor.ui
[2016-08-28 02:59:43] Downloading org.eclipse.mylyn.resources.ui
[2016-08-28 02:59:43] Downloading org.eclipse.mylyn.tasks.bugs
[2016-08-28 02:59:43] Downloading org.eclipse.mylyn.tasks.core
[2016-08-28 02:59:43] Downloading org.eclipse.mylyn.tasks.ide
[2016-08-28 02:59:44] Downloading org.eclipse.mylyn.tasks.index.core
[2016-08-28 02:59:44] Downloading org.eclipse.mylyn.tasks.index.ui
[2016-08-28 02:59:44] Downloading org.eclipse.mylyn.tasks.search
[2016-08-28 02:59:44] Downloading org.eclipse.mylyn.tasks.ui
[2016-08-28 02:59:44] Downloading org.eclipse.mylyn.team.ui
[2016-08-28 02:59:44] Downloading org.eclipse.mylyn.team_feature
[2016-08-28 02:59:44] Downloading org.eclipse.mylyn.versions.core
[2016-08-28 02:59:44] Downloading org.eclipse.mylyn.versions
[2016-08-28 02:59:44] Downloading org.eclipse.mylyn.versions.ui
[2016-08-28 02:59:44] Downloading org.eclipse.mylyn.wikitext.asciidoc.core
[2016-08-28 02:59:44] Downloading org.eclipse.mylyn.wikitext.asciidoc.ui
[2016-08-28 02:59:44] Downloading org.eclipse.mylyn.wikitext.confluence.core
[2016-08-28 02:59:44] Downloading org.eclipse.mylyn.wikitext.confluence.ui
[2016-08-28 02:59:44] Downloading org.eclipse.mylyn.wikitext.context.ui
[2016-08-28 02:59:44] Downloading org.eclipse.mylyn.wikitext.core
[2016-08-28 02:59:44] Downloading org.eclipse.mylyn.wikitext.core.ant
[2016-08-28 02:59:44] Downloading org.eclipse.mylyn.wikitext.core.osgi
[2016-08-28 02:59:44] Downloading org.eclipse.mylyn.wikitext.help.ui
[2016-08-28 02:59:45] Downloading org.eclipse.mylyn.wikitext.html.core
[2016-08-28 02:59:45] Downloading org.eclipse.mylyn.wikitext.markdown.core
[2016-08-28 02:59:45] Downloading org.eclipse.mylyn.wikitext.markdown.ui
[2016-08-28 02:59:45] Downloading org.eclipse.mylyn.wikitext.mediawiki.core
[2016-08-28 02:59:45] Downloading org.eclipse.mylyn.wikitext.mediawiki.core.ant
[2016-08-28 02:59:45] Downloading org.eclipse.mylyn.wikitext.mediawiki.ui
[2016-08-28 02:59:45] Downloading org.eclipse.mylyn.wikitext.tasks.ui
[2016-08-28 02:59:45] Downloading org.eclipse.mylyn.wikitext.textile.core
[2016-08-28 02:59:45] Downloading org.eclipse.mylyn.wikitext.textile.ui
[2016-08-28 02:59:45] Downloading org.eclipse.mylyn.wikitext.tracwiki.core
[2016-08-28 02:59:45] Downloading org.eclipse.mylyn.wikitext.tracwiki.ui
[2016-08-28 02:59:45] Downloading org.eclipse.mylyn.wikitext.twiki.core
[2016-08-28 02:59:45] Downloading org.eclipse.mylyn.wikitext.twiki.ui
[2016-08-28 02:59:45] Downloading org.eclipse.mylyn.wikitext.ui
[2016-08-28 02:59:45] Downloading org.eclipse.mylyn.wikitext_feature
[2016-08-28 02:59:45] Downloading org.eclipse.mylyn_feature
[2016-08-28 02:59:46] Downloading org.eclipse.nebula.widgets.tablecombo
[2016-08-28 02:59:46] Downloading org.eclipse.oomph.base
[2016-08-28 02:59:46] Downloading org.eclipse.oomph.base.edit
[2016-08-28 02:59:46] Downloading org.eclipse.oomph.extractor.lib
[2016-08-28 02:59:46] Downloading org.eclipse.oomph.jreinfo
[2016-08-28 02:59:46] Downloading org.eclipse.oomph.jreinfo.ui
[2016-08-28 02:59:46] Downloading org.eclipse.oomph.p2
[2016-08-28 02:59:46] Downloading org.eclipse.oomph.p2.core
[2016-08-28 02:59:46] Downloading org.eclipse.oomph.p2.doc
[2016-08-28 02:59:46] Downloading org.eclipse.oomph.p2.edit
[2016-08-28 02:59:46] Downloading org.eclipse.oomph.p2
[2016-08-28 02:59:46] Downloading org.eclipse.oomph.p2.ui
[2016-08-28 02:59:46] Downloading org.eclipse.oomph.predicates
[2016-08-28 02:59:46] Downloading org.eclipse.oomph.predicates.edit
[2016-08-28 02:59:46] Downloading org.eclipse.oomph.preferences
[2016-08-28 02:59:46] Downloading org.eclipse.oomph.resources
[2016-08-28 02:59:46] Downloading org.eclipse.oomph.resources.edit
[2016-08-28 02:59:46] Downloading org.eclipse.oomph.setup
[2016-08-28 02:59:47] Downloading org.eclipse.oomph.setup.core
[2016-08-28 02:59:47] Downloading org.eclipse.oomph.setup.doc
[2016-08-28 02:59:47] Downloading org.eclipse.oomph.setup.edit
[2016-08-28 02:59:47] Downloading org.eclipse.oomph.setup.editor
[2016-08-28 02:59:47] Downloading org.eclipse.oomph.setup
[2016-08-28 02:59:47] Downloading org.eclipse.oomph.setup.p2
[2016-08-28 02:59:47] Downloading org.eclipse.oomph.setup.p2.edit
[2016-08-28 02:59:47] Downloading org.eclipse.oomph.setup.sync
[2016-08-28 02:59:47] Downloading org.eclipse.oomph.setup.ui
[2016-08-28 02:59:48] Downloading org.eclipse.oomph.setup.ui.questionnaire
[2016-08-28 02:59:48] Downloading org.eclipse.oomph.ui
[2016-08-28 02:59:48] Downloading org.eclipse.oomph.util
[2016-08-28 02:59:48] Downloading org.eclipse.oomph.workingsets
[2016-08-28 02:59:48] Downloading org.eclipse.oomph.workingsets.edit
[2016-08-28 02:59:48] Downloading org.eclipse.oomph.workingsets.editor
[2016-08-28 02:59:48] Downloading org.eclipse.osgi
[2016-08-28 02:59:48] Downloading org.eclipse.osgi.compatibility.state
[2016-08-28 02:59:48] Downloading org.eclipse.osgi.services
[2016-08-28 02:59:48] Downloading org.eclipse.osgi.util
[2016-08-28 02:59:48] Downloading org.eclipse.platform
[2016-08-28 02:59:49] Downloading org.eclipse.platform.doc.user
[2016-08-28 02:59:49] Downloading org.eclipse.platform
[2016-08-28 02:59:49] Downloading org.eclipse.rcp
[2016-08-28 02:59:49] Downloading org.eclipse.recommenders.apidocs
[2016-08-28 02:59:49] Downloading org.eclipse.recommenders.apidocs.rcp
[2016-08-28 02:59:49] Downloading org.eclipse.recommenders.calls
[2016-08-28 02:59:49] Downloading org.eclipse.recommenders.calls.rcp
[2016-08-28 02:59:49] Downloading org.eclipse.recommenders.chain.rcp
[2016-08-28 02:59:49] Downloading org.eclipse.recommenders.completion.rcp
[2016-08-28 02:59:49] Downloading org.eclipse.recommenders.constructors
[2016-08-28 02:59:49] Downloading org.eclipse.recommenders.constructors.rcp
[2016-08-28 02:59:49] Downloading org.eclipse.recommenders.coordinates
[2016-08-28 02:59:50] Downloading org.eclipse.recommenders.coordinates.rcp
[2016-08-28 02:59:50] Downloading org.eclipse.recommenders.injection
[2016-08-28 02:59:50] Downloading org.eclipse.recommenders.jayes
[2016-08-28 02:59:50] Downloading org.eclipse.recommenders.jayes.io
[2016-08-28 02:59:50] Downloading org.eclipse.recommenders.jdt
[2016-08-28 02:59:50] Downloading org.eclipse.recommenders.models
[2016-08-28 02:59:50] Downloading org.eclipse.recommenders.models.rcp
[2016-08-28 02:59:50] Downloading org.eclipse.recommenders.mylyn.rcp
[2016-08-28 02:59:50] Downloading org.eclipse.recommenders.mylyn.rcp.feature
[2016-08-28 02:59:50] Downloading org.eclipse.recommenders.net
[2016-08-28 02:59:50] Downloading org.eclipse.recommenders.overrides
[2016-08-28 02:59:50] Downloading org.eclipse.recommenders.overrides.rcp
[2016-08-28 02:59:50] Downloading org.eclipse.recommenders.rcp
[2016-08-28 02:59:50] Downloading org.eclipse.recommenders.rcp.feature
[2016-08-28 02:59:50] Downloading org.eclipse.recommenders.snipmatch
[2016-08-28 02:59:50] Downloading org.eclipse.recommenders.snipmatch.rcp
[2016-08-28 02:59:50] Downloading org.eclipse.recommenders.snipmatch.rcp.feature
[2016-08-28 02:59:50] Downloading org.eclipse.recommenders.subwords.rcp
[2016-08-28 02:59:50] Downloading org.eclipse.recommenders.types.rcp
[2016-08-28 02:59:50] Downloading org.eclipse.recommenders.utils
[2016-08-28 02:59:50] Downloading org.eclipse.recommenders.utils.rcp
[2016-08-28 02:59:50] Downloading org.eclipse.search
[2016-08-28 02:59:50] Downloading org.eclipse.swt
[2016-08-28 02:59:50] Downloading org.eclipse.swt.cocoa.macosx.x86_64
[2016-08-28 02:59:51] Downloading org.eclipse.team.core
[2016-08-28 02:59:51] Downloading org.eclipse.team.ui
[2016-08-28 02:59:51] Downloading org.eclipse.text
[2016-08-28 02:59:51] Downloading org.eclipse.ui
[2016-08-28 02:59:51] Downloading org.eclipse.ui.browser
[2016-08-28 02:59:51] Downloading org.eclipse.ui.cheatsheets
[2016-08-28 02:59:52] Downloading org.eclipse.ui.cocoa
[2016-08-28 02:59:52] Downloading org.eclipse.ui.console
[2016-08-28 02:59:52] Downloading org.eclipse.ui.editors
[2016-08-28 02:59:52] Downloading org.eclipse.ui.externaltools
[2016-08-28 02:59:52] Downloading org.eclipse.ui.forms
[2016-08-28 02:59:52] Downloading org.eclipse.ui.ide
[2016-08-28 02:59:52] Downloading org.eclipse.ui.ide.application
[2016-08-28 02:59:52] Downloading org.eclipse.ui.intro
[2016-08-28 02:59:52] Downloading org.eclipse.ui.intro.quicklinks
[2016-08-28 02:59:52] Downloading org.eclipse.ui.intro.universal
[2016-08-28 02:59:52] Downloading org.eclipse.ui.monitoring
[2016-08-28 02:59:52] Downloading org.eclipse.ui.navigator
[2016-08-28 02:59:52] Downloading org.eclipse.ui.navigator.resources
[2016-08-28 02:59:52] Downloading org.eclipse.ui.net
[2016-08-28 02:59:52] Downloading org.eclipse.ui.themes
[2016-08-28 02:59:53] Downloading org.eclipse.ui.views
[2016-08-28 02:59:53] Downloading org.eclipse.ui.views.log
[2016-08-28 02:59:53] Downloading org.eclipse.ui.views.properties.tabbed
[2016-08-28 02:59:53] Downloading org.eclipse.ui.workbench
[2016-08-28 02:59:53] Downloading org.eclipse.ui.workbench.texteditor
[2016-08-28 02:59:53] Downloading org.eclipse.update.configurator
[2016-08-28 02:59:53] Downloading org.eclipse.userstorage
[2016-08-28 02:59:53] Downloading org.eclipse.userstorage.ui
[2016-08-28 02:59:53] Downloading org.eclipse.wst.common.core
[2016-08-28 02:59:53] Downloading org.eclipse.wst.common.emf
[2016-08-28 02:59:54] Downloading org.eclipse.wst.common.emfworkbench.integration
[2016-08-28 02:59:54] Downloading org.eclipse.wst.common.environment
[2016-08-28 02:59:54] Downloading org.eclipse.wst.common.frameworks
[2016-08-28 02:59:54] Downloading org.eclipse.wst.common.frameworks.ui
[2016-08-28 02:59:54] Downloading org.eclipse.wst.common.infopop
[2016-08-28 02:59:54] Downloading org.eclipse.wst.common.modulecore
[2016-08-28 02:59:54] Downloading org.eclipse.wst.common.modulecore.ui
[2016-08-28 02:59:54] Downloading org.eclipse.wst.common.project.facet.core
[2016-08-28 02:59:54] Downloading org.eclipse.wst.common.snippets
[2016-08-28 02:59:54] Downloading org.eclipse.wst.common.ui
[2016-08-28 02:59:54] Downloading org.eclipse.wst.common.uriresolver
[2016-08-28 02:59:54] Downloading org.eclipse.wst.common_core.feature
[2016-08-28 02:59:54] Downloading org.eclipse.wst.common_ui.feature
[2016-08-28 02:59:54] Downloading org.eclipse.wst.dtd.core
[2016-08-28 02:59:54] Downloading org.eclipse.wst.dtd.ui
[2016-08-28 02:59:54] Downloading org.eclipse.wst.dtd.ui.infopop
[2016-08-28 02:59:54] Downloading org.eclipse.wst.dtdeditor.doc.user
[2016-08-28 02:59:54] Downloading org.eclipse.wst.internet.cache
[2016-08-28 02:59:54] Downloading org.eclipse.wst.server.core
[2016-08-28 02:59:55] Downloading org.eclipse.wst.server.discovery
[2016-08-28 02:59:55] Downloading org.eclipse.wst.sse.core
[2016-08-28 02:59:55] Downloading org.eclipse.wst.sse.doc.user
[2016-08-28 02:59:55] Downloading org.eclipse.wst.sse.ui
[2016-08-28 02:59:55] Downloading org.eclipse.wst.sse.ui.infopop
[2016-08-28 02:59:55] Downloading org.eclipse.wst.standard.schemas
[2016-08-28 02:59:55] Downloading org.eclipse.wst.validation
[2016-08-28 02:59:55] Downloading org.eclipse.wst.validation.infopop
[2016-08-28 02:59:55] Downloading org.eclipse.wst.validation.ui
[2016-08-28 02:59:55] Downloading org.eclipse.wst.xml.core
[2016-08-28 02:59:55] Downloading org.eclipse.wst.xml.ui
[2016-08-28 02:59:55] Downloading org.eclipse.wst.xml.ui.infopop
[2016-08-28 02:59:55] Downloading org.eclipse.wst.xml_core.feature
[2016-08-28 02:59:55] Downloading org.eclipse.wst.xml_ui.feature
[2016-08-28 02:59:55] Downloading org.eclipse.wst.xml_userdoc.feature
[2016-08-28 02:59:55] Downloading org.eclipse.wst.xmleditor.doc.user
[2016-08-28 02:59:55] Downloading org.eclipse.wst.xsd.core
[2016-08-28 02:59:55] Downloading org.eclipse.wst.xsd.ui
[2016-08-28 02:59:56] Downloading org.eclipse.wst.xsdeditor.doc.user
[2016-08-28 02:59:56] Downloading org.eclipse.xsd
[2016-08-28 02:59:56] Downloading org.eclipse.xsd.edit
[2016-08-28 02:59:56] Downloading org.gradle.toolingapi
[2016-08-28 02:59:56] Downloading org.hamcrest.core
[2016-08-28 02:59:56] Downloading org.jsoup
[2016-08-28 02:59:56] Downloading org.junit
[2016-08-28 02:59:56] Downloading org.sat4j.core
[2016-08-28 02:59:57] Downloading org.sat4j.pb
[2016-08-28 02:59:57] Downloading org.slf4j.api
[2016-08-28 02:59:57] Downloading org.slf4j.impl.log4j12
[2016-08-28 02:59:57] Downloading org.tukaani.xz
[2016-08-28 02:59:57] Downloading org.w3c.css.sac
[2016-08-28 02:59:57] Downloading org.w3c.dom.events
[2016-08-28 02:59:57] Downloading org.w3c.dom.smil
[2016-08-28 02:59:57] Downloading org.w3c.dom.svg
[2016-08-28 02:59:57] Collected 533 artifacts for file:/Users/LesterRamos/.p2/pool/ in 39.138s
[2016-08-28 02:59:57] Collecting 3 artifacts from http://download.eclipse.org/releases/neon/201606221000
[2016-08-28 02:59:57] Downloading org.eclipse.platform_root
[2016-08-28 02:59:57] Downloading org.eclipse.rcp_root
[2016-08-28 02:59:57] Downloading org.eclipse.platform.ide.executable.cocoa.macosx.x86_64
[2016-08-28 02:59:57] Fetching org.eclipse.platform_root_4.6.0.v20160606-1342 from http://eclipse.mirror.rafal.ca/releases/neon/201606221000/binary/
[2016-08-28 02:59:57] Fetching org.eclipse.rcp_root_4.6.0.v20160606-1342 from http://mirror.csclub.uwaterloo.ca/eclipse/releases/neon/201606221000/binary/
[2016-08-28 02:59:58] Fetching org.eclipse.platform.ide.executable.cocoa.macosx.x86_64_4.6.0.I20160606-1100 from http://mirror.cc.columbia.edu/pub/software/eclipse/releases/neon/201606221000/binary/
[2016-08-28 02:59:58] Mirrored 1 artifacts from http://mirror.cc.columbia.edu/pub/software/eclipse/releases/neon/201606221000/ at 217kb/s
[2016-08-28 02:59:58] Mirrored 1 artifacts from http://mirror.csclub.uwaterloo.ca/eclipse/releases/neon/201606221000/ at 81kb/s
[2016-08-28 02:59:58] Mirrored 1 artifacts from http://eclipse.mirror.rafal.ca/releases/neon/201606221000/ at 0kb/s
[2016-08-28 02:59:58] Collected 3 artifacts for http://download.eclipse.org/releases/neon/201606221000 in 1.526s
[2016-08-28 02:59:58] Collecting 1 artifacts from http://download.eclipse.org/technology/epp/packages/neon
[2016-08-28 02:59:59] Downloading epp.package.java.executable.cocoa.macosx.x86_64
[2016-08-28 02:59:59] Fetching epp.package.java.executable.cocoa.macosx.x86_64_4.6.0.20160613-1800 from http://eclipse.mirror.rafal.ca/technology/epp/packages/neon/binary/
[2016-08-28 02:59:59] Mirrored 1 artifacts from http://eclipse.mirror.rafal.ca/technology/epp/packages/neon/ at 40kb/s
[2016-08-28 02:59:59] Collected 1 artifacts for http://download.eclipse.org/technology/epp/packages/neon in 0.485s
[2016-08-28 03:00:04] Installing a.jre.javase [1.6.0]
[2016-08-28 03:00:04] Installing ch.qos.logback.classic [1.0.7.v20121108-1250]
[2016-08-28 03:00:04] Installing ch.qos.logback.core [1.0.7.v20121108-1250]
[2016-08-28 03:00:04] Installing ch.qos.logback.slf4j [1.0.7.v201505121915]
[2016-08-28 03:00:04] Installing com.google.gson [2.2.4.v201311231704]
[2016-08-28 03:00:04] Installing com.google.guava [15.0.0.v201403281430]
[2016-08-28 03:00:04] Installing com.google.inject [3.0.0.v201605172100]
[2016-08-28 03:00:04] Installing com.google.inject.multibindings [3.0.0.v201605172100]
[2016-08-28 03:00:04] Installing com.gradleware.tooling.client [0.12.0.v20160425083245]
[2016-08-28 03:00:04] Installing com.gradleware.tooling.model [0.12.0.v20160425083245]
[2016-08-28 03:00:04] Installing com.gradleware.tooling.utils [0.12.0.v20160425083245]
[2016-08-28 03:00:04] Installing com.ibm.icu [56.1.0.v201601250100]
[2016-08-28 03:00:04] Installing com.jcraft.jsch [0.1.53.v201508180515]
[2016-08-28 03:00:04] Installing com.sun.el [2.2.0.v201303151357]
[2016-08-28 03:00:04] Installing config.a.jre.javase [1.6.0]
[2016-08-28 03:00:04] Installing epp.package.java [4.6.0.20160613-1800]
[2016-08-28 03:00:04] Installing epp.package.java.executable.cocoa.macosx.x86_64 [4.6.0.20160613-1800]
[2016-08-28 03:00:04] Installing epp.package.java.executable.cocoa.macosx.x86_64.eclipse [4.6.0.20160613-1800]
[2016-08-28 03:00:04] Installing javaewah [0.7.9.v201605172130]
[2016-08-28 03:00:04] Installing javax.annotation [1.2.0.v201602091430]
[2016-08-28 03:00:04] Installing javax.el [2.2.0.v201303151357]
[2016-08-28 03:00:04] Installing javax.inject [1.0.0.v20091030]
[2016-08-28 03:00:04] Installing javax.servlet [3.1.0.v201410161800]
[2016-08-28 03:00:04] Installing javax.servlet.jsp [2.2.0.v201112011158]
[2016-08-28 03:00:04] Installing javax.xml [1.3.4.v201005080400]
[2016-08-28 03:00:04] Installing org.apache.ant [1.9.6.v201510161327]
[2016-08-28 03:00:04] Installing org.apache.batik.css [1.7.0.v201011041433]
[2016-08-28 03:00:04] Installing org.apache.batik.util [1.7.0.v201011041433]
[2016-08-28 03:00:04] Installing org.apache.batik.util.gui [1.7.0.v200903091627]
[2016-08-28 03:00:04] Installing org.apache.commons.codec [1.6.0.v201305230611]
[2016-08-28 03:00:04] Installing org.apache.commons.compress [1.6.0.v201310281400]
[2016-08-28 03:00:04] Installing org.apache.commons.httpclient [3.1.0.v201012070820]
[2016-08-28 03:00:04] Installing org.apache.commons.io [2.2.0.v201405211200]
[2016-08-28 03:00:04] Installing org.apache.commons.jxpath [1.3.0.v200911051830]
[2016-08-28 03:00:04] Installing org.apache.commons.lang [2.6.0.v201404270220]
[2016-08-28 03:00:04] Installing org.apache.commons.lang3 [3.1.0.v201403281430]
[2016-08-28 03:00:04] Installing org.apache.commons.logging [1.1.1.v201101211721]
[2016-08-28 03:00:04] Installing org.apache.commons.math [2.1.0.v201105210652]
[2016-08-28 03:00:04] Installing org.apache.commons.pool [1.6.0.v201204271246]
[2016-08-28 03:00:04] Installing org.apache.felix.gogo.command [0.10.0.v201209301215]
[2016-08-28 03:00:04] Installing org.apache.felix.gogo.runtime [0.10.0.v201209301036]
[2016-08-28 03:00:04] Installing org.apache.felix.gogo.shell [0.10.0.v201212101605]
[2016-08-28 03:00:04] Installing org.apache.httpcomponents.httpclient [4.3.6.v201411290715]
[2016-08-28 03:00:04] Installing org.apache.httpcomponents.httpcore [4.3.3.v201411290715]
[2016-08-28 03:00:04] Installing org.apache.jasper.glassfish [2.2.2.v201501141630]
[2016-08-28 03:00:04] Installing org.apache.log4j [1.2.15.v201012070815]
[2016-08-28 03:00:04] Installing org.apache.lucene.analysis [3.5.0.v20120725-1805]
[2016-08-28 03:00:04] Installing org.apache.lucene.core [3.5.0.v20120725-1805]
[2016-08-28 03:00:04] Installing org.apache.solr.client.solrj [3.5.0.v20150506-0844]
[2016-08-28 03:00:04] Installing org.apache.ws.commons.util [1.0.1.v20100518-1140]
[2016-08-28 03:00:04] Installing org.apache.xerces [2.9.0.v201101211617]
[2016-08-28 03:00:04] Installing org.apache.xml.resolver [1.2.0.v201005080400]
[2016-08-28 03:00:04] Installing org.apache.xml.serializer [2.7.1.v201005080400]
[2016-08-28 03:00:04] Installing org.apache.xmlrpc [3.0.0.v20100427-1100]
[2016-08-28 03:00:04] Installing org.eclipse.aether.api [1.0.1.v20141111]
[2016-08-28 03:00:04] Installing org.eclipse.aether.connector.basic [1.0.1.v20141111]
[2016-08-28 03:00:04] Installing org.eclipse.aether.connector.basic.feature.feature.group [1.0.1.v20141111]
[2016-08-28 03:00:04] Installing org.eclipse.aether.connector.basic.feature.feature.jar [1.0.1.v20141111]
[2016-08-28 03:00:05] Installing org.eclipse.aether.feature.feature.group [1.0.1.v20141111]
[2016-08-28 03:00:05] Installing org.eclipse.aether.feature.feature.jar [1.0.1.v20141111]
[2016-08-28 03:00:05] Installing org.eclipse.aether.impl [1.0.1.v20141111]
[2016-08-28 03:00:05] Installing org.eclipse.aether.maven [3.1.0.v20140706-2237]
[2016-08-28 03:00:05] Installing org.eclipse.aether.maven.feature.feature.group [3.1.0.20140706-2237]
[2016-08-28 03:00:05] Installing org.eclipse.aether.maven.feature.feature.jar [3.1.0.20140706-2237]
[2016-08-28 03:00:05] Installing org.eclipse.aether.spi [1.0.1.v20141111]
[2016-08-28 03:00:05] Installing org.eclipse.aether.transport.file [1.0.1.v20141111]
[2016-08-28 03:00:05] Installing org.eclipse.aether.transport.file.feature.feature.group [1.0.1.v20141111]
[2016-08-28 03:00:05] Installing org.eclipse.aether.transport.file.feature.feature.jar [1.0.1.v20141111]
[2016-08-28 03:00:05] Installing org.eclipse.aether.transport.http [1.0.1.v20141111]
[2016-08-28 03:00:05] Installing org.eclipse.aether.transport.http.feature.feature.group [1.0.1.v20141111]
[2016-08-28 03:00:05] Installing org.eclipse.aether.transport.http.feature.feature.jar [1.0.1.v20141111]
[2016-08-28 03:00:05] Installing org.eclipse.aether.util [1.0.1.v20141111]
[2016-08-28 03:00:05] Installing org.eclipse.ant.core [3.4.100.v20160505-0642]
[2016-08-28 03:00:05] Installing org.eclipse.ant.launching [1.1.200.v20160418-1631]
[2016-08-28 03:00:05] Installing org.eclipse.ant.ui [3.6.200.v20160525-1820]
[2016-08-28 03:00:05] Installing org.eclipse.buildship.branding [1.0.15.v20160425-1638]
[2016-08-28 03:00:05] Installing org.eclipse.buildship.core [1.0.15.v20160425-1638]
[2016-08-28 03:00:05] Installing org.eclipse.buildship.feature.group [1.0.15.v20160425-1638]
[2016-08-28 03:00:05] Installing org.eclipse.buildship.feature.jar [1.0.15.v20160425-1638]
[2016-08-28 03:00:05] Installing org.eclipse.buildship.stsmigration [1.0.15.v20160425-1638]
[2016-08-28 03:00:05] Installing org.eclipse.buildship.ui [1.0.15.v20160425-1638]
[2016-08-28 03:00:05] Installing org.eclipse.compare [3.6.0.v20160418-1534]
[2016-08-28 03:00:05] Installing org.eclipse.compare.core [3.6.0.v20160418-1534]
[2016-08-28 03:00:05] Installing org.eclipse.core.commands [3.8.0.v20160316-1921]
[2016-08-28 03:00:05] Installing org.eclipse.core.contenttype [3.5.100.v20160418-1621]
[2016-08-28 03:00:05] Installing org.eclipse.core.databinding [1.6.0.v20160412-0910]
[2016-08-28 03:00:05] Installing org.eclipse.core.databinding.beans [1.3.100.v20160509-1025]
[2016-08-28 03:00:05] Installing org.eclipse.core.databinding.observable [1.6.0.v20160511-1747]
[2016-08-28 03:00:05] Installing org.eclipse.core.databinding.property [1.6.0.v20160427-0852]
[2016-08-28 03:00:05] Installing org.eclipse.core.expressions [3.5.100.v20160418-1621]
[2016-08-28 03:00:05] Installing org.eclipse.core.externaltools [1.0.400.v20160509-1057]
[2016-08-28 03:00:05] Installing org.eclipse.core.filebuffers [3.6.0.v20160503-1849]
[2016-08-28 03:00:05] Installing org.eclipse.core.filesystem [1.6.0.v20160503-1608]
[2016-08-28 03:00:05] Installing org.eclipse.core.filesystem.macosx [1.3.0.v20140124-1940]
[2016-08-28 03:00:05] Installing org.eclipse.core.jobs [3.8.0.v20160509-0411]
[2016-08-28 03:00:05] Installing org.eclipse.core.net [1.3.0.v20160418-1534]
[2016-08-28 03:00:05] Installing org.eclipse.core.resources [3.11.0.v20160503-1608]
[2016-08-28 03:00:05] Installing org.eclipse.core.runtime [3.12.0.v20160606-1342]
[2016-08-28 03:00:05] Installing org.eclipse.core.variables [3.3.0.v20160419-1720]
[2016-08-28 03:00:05] Installing org.eclipse.debug.core [3.10.100.v20160419-1720]
[2016-08-28 03:00:05] Installing org.eclipse.debug.ui [3.11.200.v20160518-1858]
[2016-08-28 03:00:05] Installing org.eclipse.draw2d [3.10.100.201606061308]
[2016-08-28 03:00:05] Installing org.eclipse.e4.core.commands [0.11.100.v20160506-0804]
[2016-08-28 03:00:05] Installing org.eclipse.e4.core.contexts [1.5.0.v20160504-0909]
[2016-08-28 03:00:05] Installing org.eclipse.e4.core.di [1.6.0.v20160319-0612]
[2016-08-28 03:00:05] Installing org.eclipse.e4.core.di.annotations [1.5.0.v20151127-1241]
[2016-08-28 03:00:05] Installing org.eclipse.e4.core.di.extensions [0.14.0.v20160211-1614]
[2016-08-28 03:00:05] Installing org.eclipse.e4.core.services [2.0.100.v20160509-1032]
[2016-08-28 03:00:05] Installing org.eclipse.e4.emf.xpath [0.1.200.v20160506-0804]
[2016-08-28 03:00:05] Installing org.eclipse.e4.rcp.feature.group [1.5.0.v20160606-1342]
[2016-08-28 03:00:05] Installing org.eclipse.e4.rcp.feature.jar [1.5.0.v20160606-1342]
[2016-08-28 03:00:05] Installing org.eclipse.e4.ui.bindings [0.11.100.v20160509-1025]
[2016-08-28 03:00:05] Installing org.eclipse.e4.ui.css.core [0.12.0.v20160505-1310]
[2016-08-28 03:00:05] Installing org.eclipse.e4.ui.css.swt [0.12.100.v20160517-1505]
[2016-08-28 03:00:05] Installing org.eclipse.e4.ui.css.swt.theme [0.10.100.v20160523-0836]
[2016-08-28 03:00:05] Installing org.eclipse.e4.ui.di [1.1.100.v20160506-0759]
[2016-08-28 03:00:05] Installing org.eclipse.e4.ui.dialogs [1.1.0.v20151127-1218]
[2016-08-28 03:00:05] Installing org.eclipse.e4.ui.model.workbench [1.2.0.v20160229-1459]
[2016-08-28 03:00:05] Installing org.eclipse.e4.ui.services [1.2.100.v20160506-0759]
[2016-08-28 03:00:05] Installing org.eclipse.e4.ui.widgets [1.1.100.v20160506-0759]
[2016-08-28 03:00:05] Installing org.eclipse.e4.ui.workbench [1.4.0.v20160517-1624]
[2016-08-28 03:00:05] Installing org.eclipse.e4.ui.workbench.addons.swt [1.2.100.v20160506-0759]
[2016-08-28 03:00:05] Installing org.eclipse.e4.ui.workbench.renderers.swt [0.14.0.v20160525-0940]
[2016-08-28 03:00:05] Installing org.eclipse.e4.ui.workbench.renderers.swt.cocoa [0.11.300.v20160330-1418]
[2016-08-28 03:00:05] Installing org.eclipse.e4.ui.workbench.swt [0.14.0.v20160523-1900]
[2016-08-28 03:00:05] Installing org.eclipse.e4.ui.workbench3 [0.13.100.v20160506-0759]
[2016-08-28 03:00:05] Installing org.eclipse.ecf [3.8.0.v20160405-1820]
[2016-08-28 03:00:06] Installing org.eclipse.ecf.core.feature.feature.group [1.3.0.v20160405-1820]
[2016-08-28 03:00:06] Installing org.eclipse.ecf.core.feature.feature.jar [1.3.0.v20160405-1820]
[2016-08-28 03:00:06] Installing org.eclipse.ecf.core.ssl.feature.feature.group [1.1.0.v20160405-1820]
[2016-08-28 03:00:06] Installing org.eclipse.ecf.core.ssl.feature.feature.jar [1.1.0.v20160405-1820]
[2016-08-28 03:00:06] Installing org.eclipse.ecf.filetransfer [5.0.0.v20160405-1820]
[2016-08-28 03:00:06] Installing org.eclipse.ecf.filetransfer.feature.feature.group [3.13.1.v20160405-1820]
[2016-08-28 03:00:06] Installing org.eclipse.ecf.filetransfer.feature.feature.jar [3.13.1.v20160405-1820]
[2016-08-28 03:00:06] Installing org.eclipse.ecf.filetransfer.httpclient4.feature.feature.group [3.13.1.v20160405-1820]
[2016-08-28 03:00:06] Installing org.eclipse.ecf.filetransfer.httpclient4.feature.feature.jar [3.13.1.v20160405-1820]
[2016-08-28 03:00:06] Installing org.eclipse.ecf.filetransfer.httpclient4.ssl.feature.feature.group [1.1.0.v20160405-1820]
[2016-08-28 03:00:06] Installing org.eclipse.ecf.filetransfer.httpclient4.ssl.feature.feature.jar [1.1.0.v20160405-1820]
[2016-08-28 03:00:06] Installing org.eclipse.ecf.filetransfer.ssl.feature.feature.group [1.1.0.v20160405-1820]
[2016-08-28 03:00:06] Installing org.eclipse.ecf.filetransfer.ssl.feature.feature.jar [1.1.0.v20160405-1820]
[2016-08-28 03:00:06] Installing org.eclipse.ecf.identity [3.7.0.v20160405-1820]
[2016-08-28 03:00:06] Installing org.eclipse.ecf.provider.filetransfer [3.2.200.v20160405-1820]
[2016-08-28 03:00:06] Installing org.eclipse.ecf.provider.filetransfer.httpclient4 [1.1.100.v20160405-1820]
[2016-08-28 03:00:06] Installing org.eclipse.ecf.provider.filetransfer.httpclient4.ssl [1.1.0.v20160405-1820]
[2016-08-28 03:00:06] Installing org.eclipse.ecf.provider.filetransfer.ssl [1.0.0.v20160405-1820]
[2016-08-28 03:00:06] Installing org.eclipse.ecf.ssl [1.2.0.v20160405-1820]
[2016-08-28 03:00:06] Installing org.eclipse.egit [4.4.0.201606070830-r]
[2016-08-28 03:00:06] Installing org.eclipse.egit.core [4.4.0.201606070830-r]
[2016-08-28 03:00:06] Installing org.eclipse.egit.doc [4.4.0.201606070830-r]
[2016-08-28 03:00:06] Installing org.eclipse.egit.feature.group [4.4.0.201606070830-r]
[2016-08-28 03:00:06] Installing org.eclipse.egit.feature.jar [4.4.0.201606070830-r]
[2016-08-28 03:00:06] Installing org.eclipse.egit.mylyn.feature.group [4.4.0.201606070830-r]
[2016-08-28 03:00:06] Installing org.eclipse.egit.mylyn.feature.jar [4.4.0.201606070830-r]
[2016-08-28 03:00:06] Installing org.eclipse.egit.mylyn.ui [4.4.0.201606070830-r]
[2016-08-28 03:00:06] Installing org.eclipse.egit.ui [4.4.0.201606070830-r]
[2016-08-28 03:00:06] Installing org.eclipse.emf.common [2.12.0.v20160420-0247]
[2016-08-28 03:00:06] Installing org.eclipse.emf.common.feature.group [2.12.0.v20160420-0247]
[2016-08-28 03:00:06] Installing org.eclipse.emf.common.feature.jar [2.12.0.v20160420-0247]
[2016-08-28 03:00:06] Installing org.eclipse.emf.common.ui [2.11.0.v20160526-0356]
[2016-08-28 03:00:06] Installing org.eclipse.emf.databinding [1.3.0.v20160526-0356]
[2016-08-28 03:00:06] Installing org.eclipse.emf.ecore [2.12.0.v20160420-0247]
[2016-08-28 03:00:06] Installing org.eclipse.emf.ecore.change [2.11.0.v20160420-0247]
[2016-08-28 03:00:06] Installing org.eclipse.emf.ecore.edit [2.9.0.v20160526-0356]
[2016-08-28 03:00:06] Installing org.eclipse.emf.ecore.feature.group [2.12.0.v20160420-0247]
[2016-08-28 03:00:06] Installing org.eclipse.emf.ecore.feature.jar [2.12.0.v20160420-0247]
[2016-08-28 03:00:06] Installing org.eclipse.emf.ecore.xmi [2.12.0.v20160420-0247]
[2016-08-28 03:00:06] Installing org.eclipse.emf.edit [2.12.0.v20160526-0356]
[2016-08-28 03:00:06] Installing org.eclipse.emf.edit.ui [2.12.0.v20160526-0356]
[2016-08-28 03:00:06] Installing org.eclipse.epp.logging.aeri.core [2.0.1.v20160602-0457]
[2016-08-28 03:00:06] Installing org.eclipse.epp.logging.aeri.feature.feature.group [2.0.1.v20160605-1811]
[2016-08-28 03:00:06] Installing org.eclipse.epp.logging.aeri.feature.feature.jar [2.0.1.v20160605-1811]
[2016-08-28 03:00:06] Installing org.eclipse.epp.logging.aeri.ide [2.0.1.v20160605-1811]
[2016-08-28 03:00:06] Installing org.eclipse.epp.mpc.core [1.5.0.v20160608-1457]
[2016-08-28 03:00:06] Installing org.eclipse.epp.mpc.feature.group [1.5.0.v20160608-1804]
[2016-08-28 03:00:06] Installing org.eclipse.epp.mpc.feature.jar [1.5.0.v20160608-1804]
[2016-08-28 03:00:06] Installing org.eclipse.epp.mpc.help.ui [1.5.0.v20160524-1910]
[2016-08-28 03:00:06] Installing org.eclipse.epp.mpc.ui [1.5.0.v20160608-1804]
[2016-08-28 03:00:06] Installing org.eclipse.epp.package.common.feature.feature.group [4.6.0.20160613-1800]
[2016-08-28 03:00:06] Installing org.eclipse.epp.package.common.feature.feature.jar [4.6.0.20160613-1800]
[2016-08-28 03:00:06] Installing org.eclipse.epp.package.java [4.6.0.20160613-1800]
[2016-08-28 03:00:06] Installing org.eclipse.epp.package.java.feature.feature.group [4.6.0.20160613-1800]
[2016-08-28 03:00:06] Installing org.eclipse.epp.package.java.feature.feature.jar [4.6.0.20160613-1800]
[2016-08-28 03:00:06] Installing org.eclipse.equinox.app [1.3.400.v20150715-1528]
[2016-08-28 03:00:06] Installing org.eclipse.equinox.bidi [1.0.0.v20160307-1318]
[2016-08-28 03:00:06] Installing org.eclipse.equinox.common [3.8.0.v20160509-1230]
[2016-08-28 03:00:06] Installing org.eclipse.equinox.concurrent [1.1.0.v20130327-1442]
[2016-08-28 03:00:07] Installing org.eclipse.equinox.console [1.1.200.v20150929-1405]
[2016-08-28 03:00:07] Installing org.eclipse.equinox.ds [1.4.400.v20160226-2036]
[2016-08-28 03:00:07] Installing org.eclipse.equinox.event [1.3.200.v20160324-1850]
[2016-08-28 03:00:07] Installing org.eclipse.equinox.frameworkadmin [2.0.300.v20160504-1450]
[2016-08-28 03:00:07] Installing org.eclipse.equinox.frameworkadmin.equinox [1.0.700.v20160102-2223]
[2016-08-28 03:00:07] Installing org.eclipse.equinox.http.jetty [3.3.0.v20160324-1850]
[2016-08-28 03:00:07] Installing org.eclipse.equinox.http.registry [1.1.400.v20150715-1528]
[2016-08-28 03:00:07] Installing org.eclipse.equinox.http.servlet [1.3.0.v20160517-1559]
[2016-08-28 03:00:07] Installing org.eclipse.equinox.jsp.jasper [1.0.500.v20150119-1358]
[2016-08-28 03:00:07] Installing org.eclipse.equinox.jsp.jasper.registry [1.0.300.v20130327-1442]
[2016-08-28 03:00:07] Installing org.eclipse.equinox.launcher [1.3.200.v20160318-1642]
[2016-08-28 03:00:07] Installing org.eclipse.equinox.launcher.cocoa.macosx.x86_64 [1.1.400.v20160518-1444]
[2016-08-28 03:00:07] Installing org.eclipse.equinox.p2.artifact.repository [1.1.500.v20160419-0834]
[2016-08-28 03:00:07] Installing org.eclipse.equinox.p2.console [1.0.500.v20160504-1450]
[2016-08-28 03:00:07] Installing org.eclipse.equinox.p2.core [2.4.100.v20160419-0834]
[2016-08-28 03:00:07] Installing org.eclipse.equinox.p2.core.feature.feature.group [1.3.200.v20160606-1311]
[2016-08-28 03:00:07] Installing org.eclipse.equinox.p2.core.feature.feature.jar [1.3.200.v20160606-1311]
[2016-08-28 03:00:07] Installing org.eclipse.equinox.p2.director [2.3.300.v20160504-1450]
[2016-08-28 03:00:07] Installing org.eclipse.equinox.p2.director.app [1.0.500.v20160419-0834]
[2016-08-28 03:00:07] Installing org.eclipse.equinox.p2.directorywatcher [1.1.100.v20150423-1455]
[2016-08-28 03:00:07] Installing org.eclipse.equinox.p2.discovery [1.0.400.v20160504-1450]
[2016-08-28 03:00:07] Installing org.eclipse.equinox.p2.discovery.compatibility [1.0.200.v20131211-1531]
[2016-08-28 03:00:07] Installing org.eclipse.equinox.p2.discovery.feature.feature.group [1.0.400.v20160504-1450]
[2016-08-28 03:00:07] Installing org.eclipse.equinox.p2.discovery.feature.feature.jar [1.0.400.v20160504-1450]
[2016-08-28 03:00:07] Installing org.eclipse.equinox.p2.engine [2.4.100.v20160419-0834]
[2016-08-28 03:00:07] Installing org.eclipse.equinox.p2.extensionlocation [1.2.300.v20160419-0834]
[2016-08-28 03:00:07] Installing org.eclipse.equinox.p2.extras.feature.feature.group [1.2.200.v20160606-1311]
[2016-08-28 03:00:07] Installing org.eclipse.equinox.p2.extras.feature.feature.jar [1.2.200.v20160606-1311]
[2016-08-28 03:00:07] Installing org.eclipse.equinox.p2.garbagecollector [1.0.300.v20160504-1450]
[2016-08-28 03:00:07] Installing org.eclipse.equinox.p2.jarprocessor [1.0.500.v20160504-1450]
[2016-08-28 03:00:07] Installing org.eclipse.equinox.p2.metadata [2.3.100.v20160427-2220]
[2016-08-28 03:00:07] Installing org.eclipse.equinox.p2.metadata.repository [1.2.300.v20160419-0834]
[2016-08-28 03:00:07] Installing org.eclipse.equinox.p2.operations [2.4.200.v20160504-1450]
[2016-08-28 03:00:07] Installing org.eclipse.equinox.p2.publisher [1.4.100.v20160504-1450]
[2016-08-28 03:00:07] Installing org.eclipse.equinox.p2.publisher.eclipse [1.2.100.v20160504-1450]
[2016-08-28 03:00:07] Installing org.eclipse.equinox.p2.rcp.feature.feature.group [1.2.200.v20160606-1311]
[2016-08-28 03:00:07] Installing org.eclipse.equinox.p2.rcp.feature.feature.jar [1.2.200.v20160606-1311]
[2016-08-28 03:00:07] Installing org.eclipse.equinox.p2.reconciler.dropins [1.1.400.v20160504-1450]
[2016-08-28 03:00:07] Installing org.eclipse.equinox.p2.repository [2.3.200.v20160421-0324]
[2016-08-28 03:00:07] Installing org.eclipse.equinox.p2.repository.tools [2.1.300.v20160421-0324]
[2016-08-28 03:00:07] Installing org.eclipse.equinox.p2.touchpoint.eclipse [2.1.400.v20160419-0834]
[2016-08-28 03:00:07] Installing org.eclipse.equinox.p2.touchpoint.natives [1.2.100.v20160419-0834]
[2016-08-28 03:00:07] Installing org.eclipse.equinox.p2.transport.ecf [1.1.200.v20160606-1311]
[2016-08-28 03:00:07] Installing org.eclipse.equinox.p2.ui [2.4.100.v20160419-0834]
[2016-08-28 03:00:07] Installing org.eclipse.equinox.p2.ui.discovery [1.0.200.v20160504-1450]
[2016-08-28 03:00:07] Installing org.eclipse.equinox.p2.ui.importexport [1.1.200.v20160521-1138]
[2016-08-28 03:00:07] Installing org.eclipse.equinox.p2.ui.sdk [1.0.400.v20150423-1455]
[2016-08-28 03:00:08] Installing org.eclipse.equinox.p2.ui.sdk.scheduler [1.2.200.v20160504-1450]
[2016-08-28 03:00:08] Installing org.eclipse.equinox.p2.updatechecker [1.1.200.v20131119-0908]
[2016-08-28 03:00:08] Installing org.eclipse.equinox.p2.updatesite [1.0.600.v20160504-1450]
[2016-08-28 03:00:08] Installing org.eclipse.equinox.p2.user.ui.feature.group [2.2.200.v20160606-1311]
[2016-08-28 03:00:08] Installing org.eclipse.equinox.p2.user.ui.feature.jar [2.2.200.v20160606-1311]
[2016-08-28 03:00:08] Installing org.eclipse.equinox.preferences [3.6.0.v20160120-1756]
[2016-08-28 03:00:08] Installing org.eclipse.equinox.registry [3.6.100.v20160223-2218]
[2016-08-28 03:00:08] Installing org.eclipse.equinox.security [1.2.200.v20150715-1528]
[2016-08-28 03:00:08] Installing org.eclipse.equinox.security.macosx [1.100.200.v20130327-1442]
[2016-08-28 03:00:08] Installing org.eclipse.equinox.security.ui [1.1.300.v20150803-1225]
[2016-08-28 03:00:08] Installing org.eclipse.equinox.simpleconfigurator [1.1.200.v20160504-1450]
[2016-08-28 03:00:08] Installing org.eclipse.equinox.simpleconfigurator.manipulator [2.0.200.v20160504-1450]
[2016-08-28 03:00:08] Installing org.eclipse.equinox.util [1.0.500.v20130404-1337]
[2016-08-28 03:00:08] Installing org.eclipse.gef [3.11.0.201606061308]
[2016-08-28 03:00:08] Installing org.eclipse.help [3.7.0.v20160602-1307]
[2016-08-28 03:00:08] Installing org.eclipse.help.base [4.1.0.v20160606-1100]
[2016-08-28 03:00:08] Installing org.eclipse.help.feature.group [2.2.0.v20160606-1100]
[2016-08-28 03:00:08] Installing org.eclipse.help.feature.jar [2.2.0.v20160606-1100]
[2016-08-28 03:00:08] Installing org.eclipse.help.ui [4.0.200.v20160510-0758]
[2016-08-28 03:00:08] Installing org.eclipse.help.webapp [3.8.0.v20160504-0839]
[2016-08-28 03:00:08] Installing org.eclipse.jdt [3.12.0.v20160606-1100]
[2016-08-28 03:00:08] Installing org.eclipse.jdt.annotation [1.1.100.v20160418-1457]
[2016-08-28 03:00:08] Installing org.eclipse.jdt.apt.core [3.4.100.v20160525-0952]
[2016-08-28 03:00:08] Installing org.eclipse.jdt.apt.pluggable.core [1.1.100.v20160418-1457]
[2016-08-28 03:00:08] Installing org.eclipse.jdt.apt.ui [3.4.100.v20160418-1457]
[2016-08-28 03:00:08] Installing org.eclipse.jdt.compiler.apt [1.2.100.v20160418-1457]
[2016-08-28 03:00:08] Installing org.eclipse.jdt.compiler.tool [1.1.100.v20160418-1457]
[2016-08-28 03:00:08] Installing org.eclipse.jdt.core [3.12.0.v20160516-2131]
[2016-08-28 03:00:08] Installing org.eclipse.jdt.core.manipulation [1.7.0.v20160419-0705]
[2016-08-28 03:00:08] Installing org.eclipse.jdt.debug [3.10.0.v20160418-1524]
[2016-08-28 03:00:08] Installing org.eclipse.jdt.debug.ui [3.7.200.v20160423-1519]
[2016-08-28 03:00:08] Installing org.eclipse.jdt.doc.user [3.12.0.v20160601-2148]
[2016-08-28 03:00:08] Installing org.eclipse.jdt.feature.group [3.12.0.v20160606-1100]
[2016-08-28 03:00:08] Installing org.eclipse.jdt.feature.jar [3.12.0.v20160606-1100]
[2016-08-28 03:00:08] Installing org.eclipse.jdt.junit [3.9.0.v20160421-1701]
[2016-08-28 03:00:08] Installing org.eclipse.jdt.junit.core [3.8.0.v20160421-1701]
[2016-08-28 03:00:08] Installing org.eclipse.jdt.junit.runtime [3.4.600.v20160505-0715]
[2016-08-28 03:00:08] Installing org.eclipse.jdt.junit4.runtime [1.1.600.v20160505-0715]
[2016-08-28 03:00:08] Installing org.eclipse.jdt.launching [3.8.100.v20160505-0636]
[2016-08-28 03:00:08] Installing org.eclipse.jdt.launching.macosx [3.3.0.v20160418-1524]
[2016-08-28 03:00:08] Installing org.eclipse.jdt.launching.ui.macosx [1.1.0.v20160418-1524]
[2016-08-28 03:00:08] Installing org.eclipse.jdt.ui [3.12.0.v20160525-1829]
[2016-08-28 03:00:08] Installing org.eclipse.jem.util [2.1.200.v201404021757]
[2016-08-28 03:00:08] Installing org.eclipse.jetty.continuation [9.3.9.v20160517]
[2016-08-28 03:00:08] Installing org.eclipse.jetty.http [9.3.9.v20160517]
[2016-08-28 03:00:08] Installing org.eclipse.jetty.io [9.3.9.v20160517]
[2016-08-28 03:00:08] Installing org.eclipse.jetty.security [9.3.9.v20160517]
[2016-08-28 03:00:08] Installing org.eclipse.jetty.server [9.3.9.v20160517]
[2016-08-28 03:00:08] Installing org.eclipse.jetty.servlet [9.3.9.v20160517]
[2016-08-28 03:00:08] Installing org.eclipse.jetty.util [9.3.9.v20160517]
[2016-08-28 03:00:08] Installing org.eclipse.jface [3.12.0.v20160518-1929]
[2016-08-28 03:00:08] Installing org.eclipse.jface.databinding [1.8.0.v20160420-2231]
[2016-08-28 03:00:08] Installing org.eclipse.jface.text [3.11.0.v20160505-1301]
[2016-08-28 03:00:08] Installing org.eclipse.jgit [4.4.0.201606070830-r]
[2016-08-28 03:00:08] Installing org.eclipse.jgit.archive [4.4.0.201606070830-r]
[2016-08-28 03:00:08] Installing org.eclipse.jgit.feature.group [4.4.0.201606070830-r]
[2016-08-28 03:00:08] Installing org.eclipse.jgit.feature.jar [4.4.0.201606070830-r]
[2016-08-28 03:00:08] Installing org.eclipse.jsch.core [1.3.0.v20160422-1917]
[2016-08-28 03:00:08] Installing org.eclipse.jsch.ui [1.3.0.v20160323-1650]
[2016-08-28 03:00:08] Installing org.eclipse.ltk.core.refactoring [3.7.0.v20160419-0705]
[2016-08-28 03:00:08] Installing org.eclipse.ltk.ui.refactoring [3.8.0.v20160518-1817]
[2016-08-28 03:00:09] Installing org.eclipse.m2e.archetype.common [1.7.0.20160603-1931]
[2016-08-28 03:00:09] Installing org.eclipse.m2e.core [1.7.0.20160603-1933]
[2016-08-28 03:00:09] Installing org.eclipse.m2e.core.ui [1.7.0.20160603-1933]
[2016-08-28 03:00:09] Installing org.eclipse.m2e.discovery [1.7.0.20160603-1933]
[2016-08-28 03:00:09] Installing org.eclipse.m2e.editor [1.7.0.20160603-1933]
[2016-08-28 03:00:09] Installing org.eclipse.m2e.editor.xml [1.7.0.20160603-1933]
[2016-08-28 03:00:09] Installing org.eclipse.m2e.feature.feature.group [1.7.0.20160603-1933]
[2016-08-28 03:00:09] Installing org.eclipse.m2e.feature.feature.jar [1.7.0.20160603-1933]
[2016-08-28 03:00:09] Installing org.eclipse.m2e.importer [1.7.0.20160603-1933]
[2016-08-28 03:00:09] Installing org.eclipse.m2e.jdt [1.7.0.20160603-1933]
[2016-08-28 03:00:09] Installing org.eclipse.m2e.jdt.ui [1.7.0.20160603-1933]
[2016-08-28 03:00:09] Installing org.eclipse.m2e.launching [1.7.0.20160603-1933]
[2016-08-28 03:00:09] Installing org.eclipse.m2e.lifecyclemapping.defaults [1.7.0.20160603-1933]
[2016-08-28 03:00:09] Installing org.eclipse.m2e.logback.appender [1.7.0.20160603-1933]
[2016-08-28 03:00:09] Installing org.eclipse.m2e.logback.configuration [1.7.0.20160603-1933]
[2016-08-28 03:00:09] Installing org.eclipse.m2e.logback.feature.feature.group [1.7.0.20160603-1933]
[2016-08-28 03:00:09] Installing org.eclipse.m2e.logback.feature.feature.jar [1.7.0.20160603-1933]
[2016-08-28 03:00:09] Installing org.eclipse.m2e.maven.indexer [1.7.0.20160603-1931]
[2016-08-28 03:00:09] Installing org.eclipse.m2e.maven.runtime [1.7.0.20160603-1931]
[2016-08-28 03:00:09] Installing org.eclipse.m2e.maven.runtime.slf4j.simple [1.7.0.20160603-1931]
[2016-08-28 03:00:09] Installing org.eclipse.m2e.model.edit [1.7.0.20160603-1933]
[2016-08-28 03:00:09] Installing org.eclipse.m2e.profiles.core [1.7.0.20160603-1933]
[2016-08-28 03:00:09] Installing org.eclipse.m2e.profiles.ui [1.7.0.20160603-1933]
[2016-08-28 03:00:09] Installing org.eclipse.m2e.refactoring [1.7.0.20160603-1933]
[2016-08-28 03:00:09] Installing org.eclipse.m2e.scm [1.7.0.20160603-1933]
[2016-08-28 03:00:09] Installing org.eclipse.m2e.workspace.cli [0.3.1]
[2016-08-28 03:00:09] Installing org.eclipse.mylyn.bugzilla.core [3.20.0.v20160425-1835]
[2016-08-28 03:00:09] Installing org.eclipse.mylyn.bugzilla.ide [3.20.0.v20160421-1902]
[2016-08-28 03:00:09] Installing org.eclipse.mylyn.bugzilla.ui [3.20.0.v20160425-1835]
[2016-08-28 03:00:09] Installing org.eclipse.mylyn.bugzilla_feature.feature.group [3.20.0.v20160425-1835]
[2016-08-28 03:00:09] Installing org.eclipse.mylyn.bugzilla_feature.feature.jar [3.20.0.v20160425-1835]
[2016-08-28 03:00:09] Installing org.eclipse.mylyn.builds.core [1.12.0.v20160421-2142]
[2016-08-28 03:00:09] Installing org.eclipse.mylyn.builds.feature.group [1.12.0.v20160421-2142]
[2016-08-28 03:00:09] Installing org.eclipse.mylyn.builds.feature.jar [1.12.0.v20160421-2142]
[2016-08-28 03:00:09] Installing org.eclipse.mylyn.builds.ui [1.12.0.v20160421-2142]
[2016-08-28 03:00:09] Installing org.eclipse.mylyn.commons.core [3.20.0.v20160421-1819]
[2016-08-28 03:00:09] Installing org.eclipse.mylyn.commons.feature.group [3.20.0.v20160421-1819]
[2016-08-28 03:00:09] Installing org.eclipse.mylyn.commons.feature.jar [3.20.0.v20160421-1819]
[2016-08-28 03:00:09] Installing org.eclipse.mylyn.commons.identity.core [1.12.0.v20160421-1819]
[2016-08-28 03:00:09] Installing org.eclipse.mylyn.commons.identity.feature.group [1.12.0.v20160421-1819]
[2016-08-28 03:00:09] Installing org.eclipse.mylyn.commons.identity.feature.jar [1.12.0.v20160421-1819]
[2016-08-28 03:00:09] Installing org.eclipse.mylyn.commons.net [3.20.0.v20160421-1819]
[2016-08-28 03:00:09] Installing org.eclipse.mylyn.commons.notifications.core [1.12.0.v20160421-1819]
[2016-08-28 03:00:09] Installing org.eclipse.mylyn.commons.notifications.feature.group [1.12.0.v20160421-1819]
[2016-08-28 03:00:09] Installing org.eclipse.mylyn.commons.notifications.feature.jar [1.12.0.v20160421-1819]
[2016-08-28 03:00:09] Installing org.eclipse.mylyn.commons.notifications.feed [1.12.0.v20160421-1819]
[2016-08-28 03:00:09] Installing org.eclipse.mylyn.commons.notifications.ui [1.12.0.v20160421-1819]
[2016-08-28 03:00:09] Installing org.eclipse.mylyn.commons.repositories.core [1.12.0.v20160421-1819]
[2016-08-28 03:00:09] Installing org.eclipse.mylyn.commons.repositories.feature.group [1.12.0.v20160421-1819]
[2016-08-28 03:00:09] Installing org.eclipse.mylyn.commons.repositories.feature.jar [1.12.0.v20160421-1819]
[2016-08-28 03:00:09] Installing org.eclipse.mylyn.commons.repositories.http.core [1.12.0.v20160421-1819]
[2016-08-28 03:00:09] Installing org.eclipse.mylyn.commons.repositories.http.feature.group [1.12.0.v20160421-1819]
[2016-08-28 03:00:09] Installing org.eclipse.mylyn.commons.repositories.http.feature.jar [1.12.0.v20160421-1819]
[2016-08-28 03:00:09] Installing org.eclipse.mylyn.commons.repositories.ui [1.12.0.v20160421-1819]
[2016-08-28 03:00:09] Installing org.eclipse.mylyn.commons.screenshots [3.20.0.v20160421-1819]
[2016-08-28 03:00:09] Installing org.eclipse.mylyn.commons.ui [3.20.0.v20160421-1819]
[2016-08-28 03:00:09] Installing org.eclipse.mylyn.commons.workbench [3.20.0.v20160421-1819]
[2016-08-28 03:00:09] Installing org.eclipse.mylyn.commons.xmlrpc [3.20.0.v20160421-1819]
[2016-08-28 03:00:09] Installing org.eclipse.mylyn.context.core [3.20.0.v20160421-1902]
[2016-08-28 03:00:09] Installing org.eclipse.mylyn.context.tasks.ui [3.20.0.v20160608-1905]
[2016-08-28 03:00:09] Installing org.eclipse.mylyn.context.ui [3.20.0.v20160421-1902]
[2016-08-28 03:00:09] Installing org.eclipse.mylyn.context_feature.feature.group [3.20.0.v20160608-1905]
[2016-08-28 03:00:09] Installing org.eclipse.mylyn.context_feature.feature.jar [3.20.0.v20160608-1905]
[2016-08-28 03:00:09] Installing org.eclipse.mylyn.debug.ui [3.20.0.v20160421-1902]
[2016-08-28 03:00:09] Installing org.eclipse.mylyn.discovery.core [3.20.0.v20160421-1819]
[2016-08-28 03:00:09] Installing org.eclipse.mylyn.discovery.feature.group [3.20.0.v20160421-1819]
[2016-08-28 03:00:09] Installing org.eclipse.mylyn.discovery.feature.jar [3.20.0.v20160421-1819]
[2016-08-28 03:00:09] Installing org.eclipse.mylyn.discovery.ui [3.20.0.v20160421-1819]
[2016-08-28 03:00:09] Installing org.eclipse.mylyn.git.core [1.12.0.v20160421-1824]
[2016-08-28 03:00:10] Installing org.eclipse.mylyn.git.feature.group [1.12.0.v20160421-1824]
[2016-08-28 03:00:10] Installing org.eclipse.mylyn.git.feature.jar [1.12.0.v20160421-1824]
[2016-08-28 03:00:10] Installing org.eclipse.mylyn.git.ui [1.12.0.v20160421-1824]
[2016-08-28 03:00:10] Installing org.eclipse.mylyn.help.ui [3.20.0.v20160425-1835]
[2016-08-28 03:00:10] Installing org.eclipse.mylyn.hudson.core [1.12.0.v20160524-1837]
[2016-08-28 03:00:10] Installing org.eclipse.mylyn.hudson.feature.group [1.12.0.v20160524-1837]
[2016-08-28 03:00:10] Installing org.eclipse.mylyn.hudson.feature.jar [1.12.0.v20160524-1837]
[2016-08-28 03:00:10] Installing org.eclipse.mylyn.hudson.ui [1.12.0.v20160421-2142]
[2016-08-28 03:00:10] Installing org.eclipse.mylyn.ide.ant [3.20.0.v20160421-1902]
[2016-08-28 03:00:10] Installing org.eclipse.mylyn.ide.ui [3.20.0.v20160421-1902]
[2016-08-28 03:00:10] Installing org.eclipse.mylyn.ide_feature.feature.group [3.20.0.v20160421-1902]
[2016-08-28 03:00:10] Installing org.eclipse.mylyn.ide_feature.feature.jar [3.20.0.v20160421-1902]
[2016-08-28 03:00:10] Installing org.eclipse.mylyn.java.tasks [3.20.0.v20160421-1902]
[2016-08-28 03:00:10] Installing org.eclipse.mylyn.java.ui [3.20.0.v20160421-1902]
[2016-08-28 03:00:10] Installing org.eclipse.mylyn.java_feature.feature.group [3.20.0.v20160421-1902]
[2016-08-28 03:00:10] Installing org.eclipse.mylyn.java_feature.feature.jar [3.20.0.v20160421-1902]
[2016-08-28 03:00:10] Installing org.eclipse.mylyn.monitor.core [3.20.0.v20160421-1819]
[2016-08-28 03:00:10] Installing org.eclipse.mylyn.monitor.feature.group [3.20.0.v20160421-1819]
[2016-08-28 03:00:10] Installing org.eclipse.mylyn.monitor.feature.jar [3.20.0.v20160421-1819]
[2016-08-28 03:00:10] Installing org.eclipse.mylyn.monitor.ui [3.20.0.v20160421-1819]
[2016-08-28 03:00:10] Installing org.eclipse.mylyn.resources.ui [3.20.0.v20160421-1902]
[2016-08-28 03:00:10] Installing org.eclipse.mylyn.tasks.bugs [3.20.0.v20160425-1835]
[2016-08-28 03:00:10] Installing org.eclipse.mylyn.tasks.core [3.20.0.v20160608-1838]
[2016-08-28 03:00:10] Installing org.eclipse.mylyn.tasks.ide.feature.group [3.20.0.v20160425-1835]
[2016-08-28 03:00:10] Installing org.eclipse.mylyn.tasks.ide.feature.jar [3.20.0.v20160425-1835]
[2016-08-28 03:00:10] Installing org.eclipse.mylyn.tasks.index.core [3.20.0.v20160425-1835]
[2016-08-28 03:00:10] Installing org.eclipse.mylyn.tasks.index.ui [3.20.0.v20160425-1835]
[2016-08-28 03:00:10] Installing org.eclipse.mylyn.tasks.search [3.20.0.v20160425-1835]
[2016-08-28 03:00:10] Installing org.eclipse.mylyn.tasks.ui [3.20.0.v20160608-1838]
[2016-08-28 03:00:10] Installing org.eclipse.mylyn.team.ui [3.20.0.v20160421-1902]
[2016-08-28 03:00:10] Installing org.eclipse.mylyn.team_feature.feature.group [3.20.0.v20160421-1902]
[2016-08-28 03:00:10] Installing org.eclipse.mylyn.team_feature.feature.jar [3.20.0.v20160421-1902]
[2016-08-28 03:00:10] Installing org.eclipse.mylyn.versions.core [1.12.0.v20160421-1824]
[2016-08-28 03:00:10] Installing org.eclipse.mylyn.versions.feature.group [1.12.0.v20160421-1824]
[2016-08-28 03:00:10] Installing org.eclipse.mylyn.versions.feature.jar [1.12.0.v20160421-1824]
[2016-08-28 03:00:10] Installing org.eclipse.mylyn.versions.ui [1.12.0.v20160421-1824]
[2016-08-28 03:00:10] Installing org.eclipse.mylyn.wikitext.asciidoc.core [2.9.0.v20160524-1633]
[2016-08-28 03:00:10] Installing org.eclipse.mylyn.wikitext.asciidoc.ui [2.9.0.v20160516-1451]
[2016-08-28 03:00:10] Installing org.eclipse.mylyn.wikitext.confluence.core [2.9.0.v20160513-1433]
[2016-08-28 03:00:10] Installing org.eclipse.mylyn.wikitext.confluence.ui [2.9.0.v20160513-1433]
[2016-08-28 03:00:10] Installing org.eclipse.mylyn.wikitext.context.ui [2.9.0.v20160513-1433]
[2016-08-28 03:00:10] Installing org.eclipse.mylyn.wikitext.core [2.9.0.v20160513-1433]
[2016-08-28 03:00:10] Installing org.eclipse.mylyn.wikitext.core.ant [2.9.0.v20160513-1433]
[2016-08-28 03:00:10] Installing org.eclipse.mylyn.wikitext.core.osgi [2.9.0.v20160513-1433]
[2016-08-28 03:00:10] Installing org.eclipse.mylyn.wikitext.help.ui [2.9.0.v20160524-0547]
[2016-08-28 03:00:10] Installing org.eclipse.mylyn.wikitext.html.core [2.9.0.v20160513-1433]
[2016-08-28 03:00:10] Installing org.eclipse.mylyn.wikitext.markdown.core [2.9.0.v20160513-1433]
[2016-08-28 03:00:10] Installing org.eclipse.mylyn.wikitext.markdown.ui [2.9.0.v20160513-1433]
[2016-08-28 03:00:10] Installing org.eclipse.mylyn.wikitext.mediawiki.core [2.9.0.v20160513-1433]
[2016-08-28 03:00:10] Installing org.eclipse.mylyn.wikitext.mediawiki.core.ant [2.9.0.v20160513-1433]
[2016-08-28 03:00:10] Installing org.eclipse.mylyn.wikitext.mediawiki.ui [2.9.0.v20160513-1433]
[2016-08-28 03:00:10] Installing org.eclipse.mylyn.wikitext.tasks.ui [2.9.0.v20160513-1433]
[2016-08-28 03:00:10] Installing org.eclipse.mylyn.wikitext.textile.core [2.9.0.v20160513-1433]
[2016-08-28 03:00:10] Installing org.eclipse.mylyn.wikitext.textile.ui [2.9.0.v20160513-1433]
[2016-08-28 03:00:10] Installing org.eclipse.mylyn.wikitext.tracwiki.core [2.9.0.v20160513-1433]
[2016-08-28 03:00:10] Installing org.eclipse.mylyn.wikitext.tracwiki.ui [2.9.0.v20160513-1433]
[2016-08-28 03:00:10] Installing org.eclipse.mylyn.wikitext.twiki.core [2.9.0.v20160519-0832]
[2016-08-28 03:00:10] Installing org.eclipse.mylyn.wikitext.twiki.ui [2.9.0.v20160513-1433]
[2016-08-28 03:00:10] Installing org.eclipse.mylyn.wikitext.ui [2.9.0.v20160516-1547]
[2016-08-28 03:00:10] Installing org.eclipse.mylyn.wikitext_feature.feature.group [2.9.0.v20160601-1831]
[2016-08-28 03:00:10] Installing org.eclipse.mylyn.wikitext_feature.feature.jar [2.9.0.v20160601-1831]
[2016-08-28 03:00:10] Installing org.eclipse.mylyn_feature.feature.group [3.20.0.v20160608-1838]
[2016-08-28 03:00:10] Installing org.eclipse.mylyn_feature.feature.jar [3.20.0.v20160608-1838]
[2016-08-28 03:00:10] Installing org.eclipse.nebula.widgets.tablecombo [1.0.0.201606072003]
[2016-08-28 03:00:10] Installing org.eclipse.oomph.base [1.4.0.v20160426-0423]
[2016-08-28 03:00:10] Installing org.eclipse.oomph.base.edit [1.4.0.v20160520-0644]
[2016-08-28 03:00:10] Installing org.eclipse.oomph.extractor.lib [1.2.0.v20160519-0740]
[2016-08-28 03:00:10] Installing org.eclipse.oomph.jreinfo [1.4.0.v20160519-0740]
[2016-08-28 03:00:10] Installing org.eclipse.oomph.jreinfo.ui [1.4.0.v20160426-0423]
[2016-08-28 03:00:10] Installing org.eclipse.oomph.p2 [1.4.0.v20160426-0423]
[2016-08-28 03:00:11] Installing org.eclipse.oomph.p2.core [1.4.0.v20160606-0856]
[2016-08-28 03:00:11] Installing org.eclipse.oomph.p2.doc [1.4.0.v20160426-0423]
[2016-08-28 03:00:11] Installing org.eclipse.oomph.p2.edit [1.4.0.v20160426-0423]
[2016-08-28 03:00:11] Installing org.eclipse.oomph.p2.feature.group [1.4.0.v20160606-0856]
[2016-08-28 03:00:11] Installing org.eclipse.oomph.p2.feature.jar [1.4.0.v20160606-0856]
[2016-08-28 03:00:11] Installing org.eclipse.oomph.p2.ui [1.4.0.v20160426-0423]
[2016-08-28 03:00:11] Installing org.eclipse.oomph.predicates [1.4.0.v20160426-0423]
[2016-08-28 03:00:11] Installing org.eclipse.oomph.predicates.edit [1.4.0.v20160426-0423]
[2016-08-28 03:00:11] Installing org.eclipse.oomph.preferences [1.4.0.v20160426-0423]
[2016-08-28 03:00:11] Installing org.eclipse.oomph.resources [1.4.0.v20160428-1144]
[2016-08-28 03:00:11] Installing org.eclipse.oomph.resources.edit [1.4.0.v20160426-0423]
[2016-08-28 03:00:11] Installing org.eclipse.oomph.setup [1.4.0.v20160530-1355]
[2016-08-28 03:00:11] Installing org.eclipse.oomph.setup.core [1.4.0.v20160530-1200]
[2016-08-28 03:00:11] Installing org.eclipse.oomph.setup.core.feature.group [1.4.0.v20160530-1355]
[2016-08-28 03:00:11] Installing org.eclipse.oomph.setup.core.feature.jar [1.4.0.v20160530-1355]
[2016-08-28 03:00:11] Installing org.eclipse.oomph.setup.doc [1.4.0.v20160426-0423]
[2016-08-28 03:00:11] Installing org.eclipse.oomph.setup.edit [1.4.0.v20160426-0423]
[2016-08-28 03:00:11] Installing org.eclipse.oomph.setup.editor [1.4.0.v20160505-0456]
[2016-08-28 03:00:11] Installing org.eclipse.oomph.setup.feature.group [1.4.0.v20160606-0856]
[2016-08-28 03:00:11] Installing org.eclipse.oomph.setup.feature.jar [1.4.0.v20160606-0856]
[2016-08-28 03:00:11] Installing org.eclipse.oomph.setup.p2 [1.4.0.v20160530-1200]
[2016-08-28 03:00:11] Installing org.eclipse.oomph.setup.p2.edit [1.4.0.v20160426-0423]
[2016-08-28 03:00:11] Installing org.eclipse.oomph.setup.sync [1.4.0.v20160426-0423]
[2016-08-28 03:00:11] Installing org.eclipse.oomph.setup.ui [1.4.0.v20160530-1200]
[2016-08-28 03:00:11] Installing org.eclipse.oomph.setup.ui.questionnaire [1.4.0.v20160530-1435]
[2016-08-28 03:00:11] Installing org.eclipse.oomph.ui [1.4.0.v20160428-1352]
[2016-08-28 03:00:11] Installing org.eclipse.oomph.util [1.4.0.v20160426-0423]
[2016-08-28 03:00:11] Installing org.eclipse.oomph.workingsets [1.4.0.v20160426-0423]
[2016-08-28 03:00:11] Installing org.eclipse.oomph.workingsets.edit [1.4.0.v20160426-0423]
[2016-08-28 03:00:11] Installing org.eclipse.oomph.workingsets.editor [1.4.0.v20160426-0423]
[2016-08-28 03:00:11] Installing org.eclipse.osgi [3.11.0.v20160603-1336]
[2016-08-28 03:00:11] Installing org.eclipse.osgi.compatibility.state [1.0.200.v20160504-1419]
[2016-08-28 03:00:11] Installing org.eclipse.osgi.services [3.5.100.v20160504-1419]
[2016-08-28 03:00:11] Installing org.eclipse.osgi.util [3.3.100.v20150423-1351]
[2016-08-28 03:00:11] Installing org.eclipse.platform [4.6.0.v20160606-1100]
[2016-08-28 03:00:11] Installing org.eclipse.platform.doc.user [4.6.0.v20160606-1250]
[2016-08-28 03:00:11] Installing org.eclipse.platform.feature.group [4.6.0.v20160606-1342]
[2016-08-28 03:00:11] Installing org.eclipse.platform.feature.jar [4.6.0.v20160606-1342]
[2016-08-28 03:00:11] Installing org.eclipse.platform.ide [4.6.0.I20160606-1100]
[2016-08-28 03:00:11] Installing org.eclipse.platform.ide.executable.cocoa.macosx.x86_64 [4.6.0.I20160606-1100]
[2016-08-28 03:00:11] Installing org.eclipse.platform.ide.executable.cocoa.macosx.x86_64.eclipse [4.6.0.I20160606-1100]
[2016-08-28 03:00:11] Installing org.eclipse.platform_root [4.6.0.v20160606-1342]
[2016-08-28 03:00:11] Installing org.eclipse.rcp [4.6.0.v20160606-1100]
[2016-08-28 03:00:11] Installing org.eclipse.rcp.feature.group [4.6.0.v20160606-1342]
[2016-08-28 03:00:12] Installing org.eclipse.rcp.feature.jar [4.6.0.v20160606-1342]
[2016-08-28 03:00:12] Installing org.eclipse.rcp_root [4.6.0.v20160606-1342]
[2016-08-28 03:00:12] Installing org.eclipse.recommenders.apidocs [2.4.0.v20160607-1609]
[2016-08-28 03:00:12] Installing org.eclipse.recommenders.apidocs.rcp [2.4.0.v20160607-1609]
[2016-08-28 03:00:12] Installing org.eclipse.recommenders.calls [2.4.0.v20160607-1609]
[2016-08-28 03:00:12] Installing org.eclipse.recommenders.calls.rcp [2.4.0.v20160607-1609]
[2016-08-28 03:00:12] Installing org.eclipse.recommenders.chain.rcp [2.4.0.v20160607-1609]
[2016-08-28 03:00:12] Installing org.eclipse.recommenders.completion.rcp [2.4.0.v20160607-1609]
[2016-08-28 03:00:12] Installing org.eclipse.recommenders.constructors [2.4.0.v20160607-1609]
[2016-08-28 03:00:12] Installing org.eclipse.recommenders.constructors.rcp [2.4.0.v20160607-1609]
[2016-08-28 03:00:12] Installing org.eclipse.recommenders.coordinates [2.4.0.v20160607-1609]
[2016-08-28 03:00:12] Installing org.eclipse.recommenders.coordinates.rcp [2.4.0.v20160607-1609]
[2016-08-28 03:00:12] Installing org.eclipse.recommenders.injection [2.4.0.v20160607-1609]
[2016-08-28 03:00:12] Installing org.eclipse.recommenders.jayes [2.4.0.v20160607-1609]
[2016-08-28 03:00:12] Installing org.eclipse.recommenders.jayes.io [2.4.0.v20160607-1609]
[2016-08-28 03:00:12] Installing org.eclipse.recommenders.jdt [2.4.0.v20160607-1609]
[2016-08-28 03:00:12] Installing org.eclipse.recommenders.models [2.4.0.v20160607-1609]
[2016-08-28 03:00:12] Installing org.eclipse.recommenders.models.rcp [2.4.0.v20160607-1609]
[2016-08-28 03:00:12] Installing org.eclipse.recommenders.mylyn.rcp [2.4.0.v20160607-1609]
[2016-08-28 03:00:12] Installing org.eclipse.recommenders.mylyn.rcp.feature.feature.group [2.4.0.v20160607-1609]
[2016-08-28 03:00:12] Installing org.eclipse.recommenders.mylyn.rcp.feature.feature.jar [2.4.0.v20160607-1609]
[2016-08-28 03:00:12] Installing org.eclipse.recommenders.net [2.4.0.v20160607-1609]
[2016-08-28 03:00:12] Installing org.eclipse.recommenders.overrides [2.4.0.v20160607-1609]
[2016-08-28 03:00:12] Installing org.eclipse.recommenders.overrides.rcp [2.4.0.v20160607-1609]
[2016-08-28 03:00:12] Installing org.eclipse.recommenders.rcp [2.4.0.v20160607-1609]
[2016-08-28 03:00:12] Installing org.eclipse.recommenders.rcp.feature.feature.group [2.4.0.v20160607-1609]
[2016-08-28 03:00:12] Installing org.eclipse.recommenders.rcp.feature.feature.jar [2.4.0.v20160607-1609]
[2016-08-28 03:00:12] Installing org.eclipse.recommenders.snipmatch [2.4.0.v20160607-1609]
[2016-08-28 03:00:12] Installing org.eclipse.recommenders.snipmatch.rcp [2.4.0.v20160607-1609]
[2016-08-28 03:00:12] Installing org.eclipse.recommenders.snipmatch.rcp.feature.feature.group [2.4.0.v20160607-1609]
[2016-08-28 03:00:12] Installing org.eclipse.recommenders.snipmatch.rcp.feature.feature.jar [2.4.0.v20160607-1609]
[2016-08-28 03:00:12] Installing org.eclipse.recommenders.subwords.rcp [2.4.0.v20160607-1609]
[2016-08-28 03:00:12] Installing org.eclipse.recommenders.types.rcp [2.4.0.v20160607-1609]
[2016-08-28 03:00:12] Installing org.eclipse.recommenders.utils [2.4.0.v20160607-1609]
[2016-08-28 03:00:12] Installing org.eclipse.recommenders.utils.rcp [2.4.0.v20160607-1609]
[2016-08-28 03:00:12] Installing org.eclipse.search [3.11.0.v20160519-1501]
[2016-08-28 03:00:12] Installing org.eclipse.swt [3.105.0.v20160603-0902]
[2016-08-28 03:00:12] Installing org.eclipse.swt.cocoa.macosx.x86_64 [3.105.0.v20160603-0902]
[2016-08-28 03:00:12] Installing org.eclipse.team.core [3.8.0.v20160418-1534]
[2016-08-28 03:00:12] Installing org.eclipse.team.ui [3.8.0.v20160518-1906]
[2016-08-28 03:00:12] Installing org.eclipse.text [3.6.0.v20160503-1849]
[2016-08-28 03:00:12] Installing org.eclipse.ui [3.108.0.v20160518-1929]
[2016-08-28 03:00:12] Installing org.eclipse.ui.browser [3.5.0.v20160518-1929]
[2016-08-28 03:00:12] Installing org.eclipse.ui.cheatsheets [3.5.0.v20160504-0839]
[2016-08-28 03:00:12] Installing org.eclipse.ui.cocoa [1.1.100.v20151202-1450]
[2016-08-28 03:00:12] Installing org.eclipse.ui.console [3.6.200.v20160518-1858]
[2016-08-28 03:00:12] Installing org.eclipse.ui.editors [3.10.0.v20160505-0931]
[2016-08-28 03:00:12] Installing org.eclipse.ui.externaltools [3.3.100.v20160518-1858]
[2016-08-28 03:00:12] Installing org.eclipse.ui.forms [3.7.0.v20160518-1929]
[2016-08-28 03:00:12] Installing org.eclipse.ui.ide [3.12.0.v20160601-1609]
[2016-08-28 03:00:12] Installing org.eclipse.ui.ide.application [1.1.100.v20160518-1929]
[2016-08-28 03:00:12] Installing org.eclipse.ui.intro [3.5.0.v20160509-1548]
[2016-08-28 03:00:12] Installing org.eclipse.ui.intro.quicklinks [1.0.0.v20160515-0255]
[2016-08-28 03:00:13] Installing org.eclipse.ui.intro.universal [3.3.0.v20160519-1604]
[2016-08-28 03:00:13] Installing org.eclipse.ui.monitoring [1.1.0.v20160131-1628]
[2016-08-28 03:00:13] Installing org.eclipse.ui.navigator [3.6.100.v20160518-1929]
[2016-08-28 03:00:13] Installing org.eclipse.ui.navigator.resources [3.5.100.v20160518-1929]
[2016-08-28 03:00:13] Installing org.eclipse.ui.net [1.3.0.v20160426-1633]
[2016-08-28 03:00:13] Installing org.eclipse.ui.themes [1.1.100.v20160411-1921]
[2016-08-28 03:00:13] Installing org.eclipse.ui.views [3.8.100.v20160518-1929]
[2016-08-28 03:00:13] Installing org.eclipse.ui.views.log [1.2.0.v20160418-1724]
[2016-08-28 03:00:13] Installing org.eclipse.ui.views.properties.tabbed [3.7.0.v20160310-0903]
[2016-08-28 03:00:13] Installing org.eclipse.ui.workbench [3.108.0.v20160602-1232]
[2016-08-28 03:00:13] Installing org.eclipse.ui.workbench.texteditor [3.10.0.v20160530-2011]
[2016-08-28 03:00:13] Installing org.eclipse.update.configurator [3.3.400.v20160506-0750]
[2016-08-28 03:00:13] Installing org.eclipse.userstorage [1.0.0.v20160524-0709]
[2016-08-28 03:00:13] Installing org.eclipse.userstorage.ui [1.0.0.v20151216-0912]
[2016-08-28 03:00:13] Installing org.eclipse.wst.common.core [1.2.0.v200908251833]
[2016-08-28 03:00:13] Installing org.eclipse.wst.common.emf [1.2.400.v201505132009]
[2016-08-28 03:00:13] Installing org.eclipse.wst.common.emfworkbench.integration [1.2.101.v201107081800]
[2016-08-28 03:00:13] Installing org.eclipse.wst.common.environment [1.0.400.v200912181831]
[2016-08-28 03:00:13] Installing org.eclipse.wst.common.frameworks [1.2.200.v201304241450]
[2016-08-28 03:00:13] Installing org.eclipse.wst.common.frameworks.ui [1.2.400.v201504292002]
[2016-08-28 03:00:13] Installing org.eclipse.wst.common.infopop [1.0.300.v201309101952]
[2016-08-28 03:00:13] Installing org.eclipse.wst.common.modulecore [1.2.401.v201408132036]
[2016-08-28 03:00:13] Installing org.eclipse.wst.common.modulecore.ui [1.0.300.v201505072128]
[2016-08-28 03:00:13] Installing org.eclipse.wst.common.project.facet.core [1.4.300.v201111030423]
[2016-08-28 03:00:13] Installing org.eclipse.wst.common.snippets [1.2.300.v201602270217]
[2016-08-28 03:00:13] Installing org.eclipse.wst.common.ui [1.1.500.v200911182011]
[2016-08-28 03:00:13] Installing org.eclipse.wst.common.uriresolver [1.2.200.v201505132009]
[2016-08-28 03:00:13] Installing org.eclipse.wst.common_core.feature.feature.group [3.7.1.v201508262220]
[2016-08-28 03:00:13] Installing org.eclipse.wst.common_core.feature.feature.jar [3.7.1.v201508262220]
[2016-08-28 03:00:13] Installing org.eclipse.wst.common_ui.feature.feature.group [3.8.0.v201603091933]
[2016-08-28 03:00:13] Installing org.eclipse.wst.common_ui.feature.feature.jar [3.8.0.v201603091933]
[2016-08-28 03:00:13] Installing org.eclipse.wst.dtd.core [1.1.700.v201211012112]
[2016-08-28 03:00:13] Installing org.eclipse.wst.dtd.ui [1.0.801.v201308100602]
[2016-08-28 03:00:13] Installing org.eclipse.wst.dtd.ui.infopop [1.0.400.v201309112106]
[2016-08-28 03:00:13] Installing org.eclipse.wst.dtdeditor.doc.user [1.0.700.v201208081537]
[2016-08-28 03:00:13] Installing org.eclipse.wst.internet.cache [1.0.701.v201510130022]
[2016-08-28 03:00:13] Installing org.eclipse.wst.server.core [1.8.100.v201605201456]
[2016-08-28 03:00:13] Installing org.eclipse.wst.server.discovery [1.3.0.v201606030549]
[2016-08-28 03:00:13] Installing org.eclipse.wst.sse.core [1.1.1000.v201604120230]
[2016-08-28 03:00:13] Installing org.eclipse.wst.sse.doc.user [1.1.100.v201208081537]
[2016-08-28 03:00:13] Installing org.eclipse.wst.sse.ui [1.3.500.v201605120129]
[2016-08-28 03:00:13] Installing org.eclipse.wst.sse.ui.infopop [1.0.300.v201309112106]
[2016-08-28 03:00:13] Installing org.eclipse.wst.standard.schemas [1.0.700.v201304171715]
[2016-08-28 03:00:13] Installing org.eclipse.wst.validation [1.2.700.v201508251749]
[2016-08-28 03:00:13] Installing org.eclipse.wst.validation.infopop [1.0.300.v201309101952]
[2016-08-28 03:00:13] Installing org.eclipse.wst.validation.ui [1.2.500.v201310231452]
[2016-08-28 03:00:13] Installing org.eclipse.wst.xml.core [1.1.1000.v201605120036]
[2016-08-28 03:00:13] Installing org.eclipse.wst.xml.ui [1.1.700.v201604272318]
[2016-08-28 03:00:13] Installing org.eclipse.wst.xml.ui.infopop [1.0.400.v201309112106]
[2016-08-28 03:00:13] Installing org.eclipse.wst.xml_core.feature.feature.group [3.8.0.v201605120036]
[2016-08-28 03:00:14] Installing org.eclipse.wst.xml_core.feature.feature.jar [3.8.0.v201605120036]
[2016-08-28 03:00:14] Installing org.eclipse.wst.xml_ui.feature.feature.group [3.8.0.v201605120129]
[2016-08-28 03:00:14] Installing org.eclipse.wst.xml_ui.feature.feature.jar [3.8.0.v201605120129]
[2016-08-28 03:00:14] Installing org.eclipse.wst.xml_userdoc.feature.feature.group [3.8.0.v201511030001]
[2016-08-28 03:00:14] Installing org.eclipse.wst.xml_userdoc.feature.feature.jar [3.8.0.v201511030001]
[2016-08-28 03:00:14] Installing org.eclipse.wst.xmleditor.doc.user [1.0.700.v201208081537]
[2016-08-28 03:00:14] Installing org.eclipse.wst.xsd.core [1.1.900.v201401141857]
[2016-08-28 03:00:14] Installing org.eclipse.wst.xsd.ui [1.2.600.v201511240159]
[2016-08-28 03:00:14] Installing org.eclipse.wst.xsdeditor.doc.user [1.0.800.v201208081537]
[2016-08-28 03:00:14] Installing org.eclipse.xsd [2.12.0.v20160526-0356]
[2016-08-28 03:00:14] Installing org.eclipse.xsd.edit [2.8.0.v20160526-0356]
[2016-08-28 03:00:14] Installing org.gradle.toolingapi [2.13.0.v20160425083245]
[2016-08-28 03:00:14] Installing org.hamcrest.core [1.3.0.v201303031735]
[2016-08-28 03:00:14] Installing org.jsoup [1.7.2.v201411291515]
[2016-08-28 03:00:14] Installing org.junit [4.12.0.v201504281640]
[2016-08-28 03:00:14] Installing org.maven.ide.eclipse [1.7.0.20160603-1933]
[2016-08-28 03:00:14] Installing org.sat4j.core [2.3.5.v201308161310]
[2016-08-28 03:00:14] Installing org.sat4j.pb [2.3.5.v201404071733]
[2016-08-28 03:00:14] Installing org.slf4j.api [1.7.2.v20121108-1250]
[2016-08-28 03:00:14] Installing org.slf4j.impl.log4j12 [1.7.2.v20131105-2200]
[2016-08-28 03:00:14] Installing org.tukaani.xz [1.3.0.v201308270617]
[2016-08-28 03:00:14] Installing org.w3c.css.sac [1.3.1.v200903091627]
[2016-08-28 03:00:14] Installing org.w3c.dom.events [3.0.0.draft20060413_v201105210656]
[2016-08-28 03:00:14] Installing org.w3c.dom.smil [1.0.1.v200903091627]
[2016-08-28 03:00:14] Installing org.w3c.dom.svg [1.1.0.v201011041433]
[2016-08-28 03:00:14] Installing tooling.org.eclipse.update.feature.default [1.0.0]
[2016-08-28 03:00:14] Installing tooling.osgi.bundle.default [1.0.0]
[2016-08-28 03:00:14] Installing tooling.source.default [1.0.0]
[2016-08-28 03:00:14] Installing toolingcocoa.macosx.x86_64org.eclipse.core.runtime [4.6.0.I20160606-1100]
[2016-08-28 03:00:14] Installing toolingcocoa.macosx.x86_64org.eclipse.equinox.common [4.6.0.I20160606-1100]
[2016-08-28 03:00:14] Installing toolingcocoa.macosx.x86_64org.eclipse.equinox.ds [4.6.0.I20160606-1100]
[2016-08-28 03:00:14] Installing toolingcocoa.macosx.x86_64org.eclipse.equinox.event [4.6.0.I20160606-1100]
[2016-08-28 03:00:14] Installing toolingcocoa.macosx.x86_64org.eclipse.equinox.p2.reconciler.dropins [4.6.0.I20160606-1100]
[2016-08-28 03:00:14] Installing toolingcocoa.macosx.x86_64org.eclipse.equinox.simpleconfigurator [4.6.0.I20160606-1100]
[2016-08-28 03:00:14] Installing toolingcocoa.macosx.x86_64org.eclipse.update.configurator [4.6.0.I20160606-1100]
[2016-08-28 03:00:14] Installing toolingepp.package.java.application [4.6.0.20160613-1800]
[2016-08-28 03:00:14] Installing toolingepp.package.java.config.cocoa.macosx.x86_64 [4.6.0.20160613-1800]
[2016-08-28 03:00:14] Installing toolingepp.package.java.configuration [4.6.0.20160613-1800]
[2016-08-28 03:00:14] Installing toolingepp.package.java.executable.cocoa.macosx.x86_64 [4.6.0.20160613-1800]
[2016-08-28 03:00:14] Installing toolingepp.package.java.ini.cocoa.macosx.x86_64 [4.6.0.20160613-1800]
[2016-08-28 03:00:14] Installing toolingorg.eclipse.equinox.launcher [1.3.200.v20160318-1642]
[2016-08-28 03:00:14] Installing toolingorg.eclipse.equinox.launcher.cocoa.macosx.x86_64 [1.1.400.v20160518-1444]
[2016-08-28 03:00:14] Installing toolingorg.eclipse.platform.configuration.macosx [1.0.0]
[2016-08-28 03:00:14] Installing toolingorg.eclipse.platform.ide.application [4.6.0.I20160606-1100]
[2016-08-28 03:00:14] Installing toolingorg.eclipse.platform.ide.config.cocoa.macosx.x86_64 [4.6.0.I20160606-1100]
[2016-08-28 03:00:14] Installing toolingorg.eclipse.platform.ide.configuration [4.6.0.I20160606-1100]
[2016-08-28 03:00:14] Installing toolingorg.eclipse.platform.ide.executable.cocoa.macosx.x86_64 [4.6.0.I20160606-1100]
[2016-08-28 03:00:14] Installing toolingorg.eclipse.platform.ide.ini.cocoa.macosx.x86_64 [4.6.0.I20160606-1100]
[2016-08-28 03:00:15] Preparing to commit the provisioning operation.
[2016-08-28 03:00:15] Committing the provisioning operation.
[2016-08-28 03:00:17] Performing Eclipse Ini --launcher.appendVmargs
[2016-08-28 03:00:17] Performing Eclipse Ini -vm /Library/Java/JavaVirtualMachines/jdk1.8.0_102.jdk/Contents/Home/jre/bin
[2016-08-28 03:00:17] Changing /Users/LesterRamos/java-neon/Eclipse.app/Contents/Eclipse/eclipse.ini (-vm /Library/Java/JavaVirtualMachines/jdk1.8.0_102.jdk/Contents/Home/jre/bin)
[2016-08-28 03:00:17] Performing Eclipse Ini -Declipse.p2.max.threads=10
[2016-08-28 03:00:17] Changing /Users/LesterRamos/java-neon/Eclipse.app/Contents/Eclipse/eclipse.ini (-Declipse.p2.max.threads=10)
[2016-08-28 03:00:17] Performing Eclipse Ini -Doomph.update.url=http://download.eclipse.org/oomph/updates/milestone/latest
[2016-08-28 03:00:17] Changing /Users/LesterRamos/java-neon/Eclipse.app/Contents/Eclipse/eclipse.ini (-Doomph.update.url=http://download.eclipse.org/oomph/updates/milestone/latest)
[2016-08-28 03:00:17] Performing Eclipse Ini -Doomph.redirection.index.redirection=index:/->http://git.eclipse.org/c/oomph/org.eclipse.oomph.git/plain/setups/
[2016-08-28 03:00:17] Changing /Users/LesterRamos/java-neon/Eclipse.app/Contents/Eclipse/eclipse.ini (-Doomph.redirection.index.redirection=index:/->http://git.eclipse.org/c/oomph/org.eclipse.oomph.git/plain/setups/)
[2016-08-28 03:00:17] Performing post bootstrap tasks
[2016-08-28 03:00:17] Changing /Users/LesterRamos/java-neon/Eclipse.app/Contents/Eclipse/configuration/config.ini (osgi.configuration.cascaded=false)
[2016-08-28 03:00:17] 
[2016-08-28 03:00:17] Launching the installed product...
