!SESSION 2016-08-28 03:02:35.486 -----------------------------------------------
eclipse.buildId=4.6.0.I20160606-1100
java.version=1.8.0_102
java.vendor=Oracle Corporation
BootLoader constants: OS=macosx, ARCH=x86_64, WS=cocoa, NL=en_US
Framework arguments:  -application org.eclipse.equinox.p2.director -repository file:///var/folders/_6/_77qb47975x9shv14lz5j5t00000gn/T/formic_845112525/update -installIU org.eclim.installer.feature.group
Command-line arguments:  -clean -application org.eclipse.equinox.p2.director -repository file:///var/folders/_6/_77qb47975x9shv14lz5j5t00000gn/T/formic_845112525/update -installIU org.eclim.installer.feature.group

!ENTRY org.eclipse.equinox.ds 2 0 2016-08-28 03:03:03.893
!MESSAGE Getting a lock required more than 10000 ms. There might be a synchronization problem in this callstack or just the build/dispose process of some components took too long! 
!STACK 0
java.lang.Exception: Debug stacktrace
	at org.eclipse.equinox.internal.ds.InstanceProcess.getLock(InstanceProcess.java:120)
	at org.eclipse.equinox.internal.ds.InstanceProcess.buildComponent(InstanceProcess.java:560)
	at org.eclipse.equinox.internal.ds.ServiceReg.getService(ServiceReg.java:53)
	at org.eclipse.osgi.internal.serviceregistry.ServiceFactoryUse$1.run(ServiceFactoryUse.java:212)
	at java.security.AccessController.doPrivileged(Native Method)
	at org.eclipse.osgi.internal.serviceregistry.ServiceFactoryUse.factoryGetService(ServiceFactoryUse.java:210)
	at org.eclipse.osgi.internal.serviceregistry.ServiceFactoryUse.getService(ServiceFactoryUse.java:111)
	at org.eclipse.osgi.internal.serviceregistry.ServiceConsumer$2.getService(ServiceConsumer.java:45)
	at org.eclipse.osgi.internal.serviceregistry.ServiceRegistrationImpl.getService(ServiceRegistrationImpl.java:496)
	at org.eclipse.osgi.internal.serviceregistry.ServiceRegistry.getService(ServiceRegistry.java:461)
	at org.eclipse.osgi.internal.framework.BundleContextImpl.getService(BundleContextImpl.java:619)
	at org.eclipse.equinox.internal.p2.core.ProvisioningAgent.addingService(ProvisioningAgent.java:159)
	at org.osgi.util.tracker.ServiceTracker$Tracked.customizerAdding(ServiceTracker.java:941)
	at org.osgi.util.tracker.ServiceTracker$Tracked.customizerAdding(ServiceTracker.java:1)
	at org.osgi.util.tracker.AbstractTracked.trackAdding(AbstractTracked.java:256)
	at org.osgi.util.tracker.AbstractTracked.trackInitial(AbstractTracked.java:183)
	at org.osgi.util.tracker.ServiceTracker.open(ServiceTracker.java:318)
	at org.osgi.util.tracker.ServiceTracker.open(ServiceTracker.java:261)
	at org.eclipse.equinox.internal.p2.core.ProvisioningAgent.getService(ProvisioningAgent.java:66)
	at org.eclipse.equinox.internal.p2.engine.ProfilePreferences.doSave(ProfilePreferences.java:120)
	at org.eclipse.equinox.internal.p2.engine.ProfilePreferences$SaveJob.run(ProfilePreferences.java:49)
	at org.eclipse.core.internal.jobs.Worker.run(Worker.java:55)
