This file contains any messages produced by compilers while
running configure, to aid debugging if configure makes a mistake.

It was created by ng configure 0.7.1, which was
generated by GNU Autoconf 2.61.  Invocation command line was

  $ /Users/LesterRamos/java-neon/Eclipse.app/Contents/Eclipse/plugins/org.eclim_2.6.0/nailgun/configure 

## --------- ##
## Platform. ##
## --------- ##

hostname = Lesters-MacBook-Pro.local
uname -m = x86_64
uname -r = 15.6.0
uname -s = Darwin
uname -v = Darwin Kernel Version 15.6.0: Thu Jun 23 18:25:34 PDT 2016; root:xnu-3248.60.10~1/RELEASE_X86_64

/usr/bin/uname -p = i386
/bin/uname -X     = unknown

/bin/arch              = unknown
/usr/bin/arch -k       = unknown
/usr/convex/getsysinfo = unknown
/usr/bin/hostinfo      = Mach kernel version:
	 Darwin Kernel Version 15.6.0: Thu Jun 23 18:25:34 PDT 2016; root:xnu-3248.60.10~1/RELEASE_X86_64
Kernel configured for up to 2 processors.
2 processors are physically available.
2 processors are logically available.
Processor type: i486 (Intel 80486)
Processors active: 0 1
Primary memory available: 8.00 gigabytes
Default processor set: 294 tasks, 1307 threads, 2 processors
Load average: 2.25, Mach factor: 0.37
/bin/machine           = unknown
/usr/bin/oslevel       = unknown
/bin/universe          = unknown

PATH: /usr/bin
PATH: /bin
PATH: /usr/sbin
PATH: /sbin


## ----------- ##
## Core tests. ##
## ----------- ##

configure:1734: checking for gcc
configure:1750: found /usr/bin/gcc
configure:1761: result: gcc
configure:1999: checking for C compiler version
configure:2006: gcc --version >&5
Configured with: --prefix=/Applications/Xcode.app/Contents/Developer/usr --with-gxx-include-dir=/usr/include/c++/4.2.1
Apple LLVM version 7.3.0 (clang-703.0.31)
Target: x86_64-apple-darwin15.6.0
Thread model: posix
InstalledDir: /Applications/Xcode.app/Contents/Developer/Toolchains/XcodeDefault.xctoolchain/usr/bin
configure:2009: $? = 0
configure:2016: gcc -v >&5
Configured with: --prefix=/Applications/Xcode.app/Contents/Developer/usr --with-gxx-include-dir=/usr/include/c++/4.2.1
Apple LLVM version 7.3.0 (clang-703.0.31)
Target: x86_64-apple-darwin15.6.0
Thread model: posix
InstalledDir: /Applications/Xcode.app/Contents/Developer/Toolchains/XcodeDefault.xctoolchain/usr/bin
configure:2019: $? = 0
configure:2026: gcc -V >&5
clang: error: argument to '-V' is missing (expected 1 value)
clang: error: no input files
configure:2029: $? = 1
configure:2052: checking for C compiler default output file name
configure:2079: gcc    conftest.c  >&5
configure:2082: $? = 0
configure:2120: result: a.out
configure:2137: checking whether the C compiler works
configure:2147: ./a.out
configure:2150: $? = 0
configure:2167: result: yes
configure:2174: checking whether we are cross compiling
configure:2176: result: no
configure:2179: checking for suffix of executables
configure:2186: gcc -o conftest    conftest.c  >&5
configure:2189: $? = 0
configure:2213: result: 
configure:2219: checking for suffix of object files
configure:2245: gcc -c   conftest.c >&5
configure:2248: $? = 0
configure:2271: result: o
configure:2275: checking whether we are using the GNU C compiler
configure:2304: gcc -c   conftest.c >&5
configure:2310: $? = 0
configure:2327: result: yes
configure:2332: checking whether gcc accepts -g
configure:2362: gcc -c -g  conftest.c >&5
configure:2368: $? = 0
configure:2467: result: yes
configure:2484: checking for gcc option to accept ISO C89
configure:2558: gcc  -c -g -O2  conftest.c >&5
configure:2564: $? = 0
configure:2587: result: none needed
configure:2605: checking for gcc option to accept ISO C99
configure:2764: gcc  -c -g -O2  conftest.c >&5
configure:2770: $? = 0
configure:2793: result: none needed
configure:2811: checking for gethostbyname in -lnsl
configure:2846: gcc -o conftest -g -O2   conftest.c -lnsl   >&5
ld: library not found for -lnsl
clang: error: linker command failed with exit code 1 (use -v to see invocation)
configure:2852: $? = 1
configure: failed program was:
| /* confdefs.h.  */
| #define PACKAGE_NAME "ng"
| #define PACKAGE_TARNAME "ng"
| #define PACKAGE_VERSION "0.7.1"
| #define PACKAGE_STRING "ng 0.7.1"
| #define PACKAGE_BUGREPORT ""
| /* end confdefs.h.  */
| 
| /* Override any GCC internal prototype to avoid an error.
|    Use char because int might match the return type of a GCC
|    builtin and then its argument prototype would still apply.  */
| #ifdef __cplusplus
| extern "C"
| #endif
| char gethostbyname ();
| int
| main ()
| {
| return gethostbyname ();
|   ;
|   return 0;
| }
configure:2870: result: no
configure:2883: checking for send in -lsocket
configure:2918: gcc -o conftest -g -O2   conftest.c -lsocket   >&5
ld: library not found for -lsocket
clang: error: linker command failed with exit code 1 (use -v to see invocation)
configure:2924: $? = 1
configure: failed program was:
| /* confdefs.h.  */
| #define PACKAGE_NAME "ng"
| #define PACKAGE_TARNAME "ng"
| #define PACKAGE_VERSION "0.7.1"
| #define PACKAGE_STRING "ng 0.7.1"
| #define PACKAGE_BUGREPORT ""
| /* end confdefs.h.  */
| 
| /* Override any GCC internal prototype to avoid an error.
|    Use char because int might match the return type of a GCC
|    builtin and then its argument prototype would still apply.  */
| #ifdef __cplusplus
| extern "C"
| #endif
| char send ();
| int
| main ()
| {
| return send ();
|   ;
|   return 0;
| }
configure:2942: result: no
configure:2955: checking for WriteFile in -lwsock32
configure:2990: gcc -o conftest -g -O2   conftest.c -lwsock32   >&5
ld: library not found for -lwsock32
clang: error: linker command failed with exit code 1 (use -v to see invocation)
configure:2996: $? = 1
configure: failed program was:
| /* confdefs.h.  */
| #define PACKAGE_NAME "ng"
| #define PACKAGE_TARNAME "ng"
| #define PACKAGE_VERSION "0.7.1"
| #define PACKAGE_STRING "ng 0.7.1"
| #define PACKAGE_BUGREPORT ""
| /* end confdefs.h.  */
| 
| /* Override any GCC internal prototype to avoid an error.
|    Use char because int might match the return type of a GCC
|    builtin and then its argument prototype would still apply.  */
| #ifdef __cplusplus
| extern "C"
| #endif
| char WriteFile ();
| int
| main ()
| {
| return WriteFile ();
|   ;
|   return 0;
| }
configure:3014: result: no
configure:3032: checking how to run the C preprocessor
configure:3072: gcc -E  conftest.c
configure:3078: $? = 0
configure:3109: gcc -E  conftest.c
conftest.c:8:10: fatal error: 'ac_nonexistent.h' file not found
#include <ac_nonexistent.h>
         ^
1 error generated.
configure:3115: $? = 1
configure: failed program was:
| /* confdefs.h.  */
| #define PACKAGE_NAME "ng"
| #define PACKAGE_TARNAME "ng"
| #define PACKAGE_VERSION "0.7.1"
| #define PACKAGE_STRING "ng 0.7.1"
| #define PACKAGE_BUGREPORT ""
| /* end confdefs.h.  */
| #include <ac_nonexistent.h>
configure:3148: result: gcc -E
configure:3177: gcc -E  conftest.c
configure:3183: $? = 0
configure:3214: gcc -E  conftest.c
conftest.c:8:10: fatal error: 'ac_nonexistent.h' file not found
#include <ac_nonexistent.h>
         ^
1 error generated.
configure:3220: $? = 1
configure: failed program was:
| /* confdefs.h.  */
| #define PACKAGE_NAME "ng"
| #define PACKAGE_TARNAME "ng"
| #define PACKAGE_VERSION "0.7.1"
| #define PACKAGE_STRING "ng 0.7.1"
| #define PACKAGE_BUGREPORT ""
| /* end confdefs.h.  */
| #include <ac_nonexistent.h>
configure:3258: checking for grep that handles long lines and -e
configure:3332: result: /usr/bin/grep
configure:3337: checking for egrep
configure:3415: result: /usr/bin/grep -E
configure:3420: checking for ANSI C header files
configure:3450: gcc -c -g -O2  conftest.c >&5
configure:3456: $? = 0
configure:3555: gcc -o conftest -g -O2   conftest.c  >&5
configure:3558: $? = 0
configure:3564: ./conftest
configure:3567: $? = 0
configure:3584: result: yes
configure:3608: checking for sys/types.h
configure:3629: gcc -c -g -O2  conftest.c >&5
configure:3635: $? = 0
configure:3651: result: yes
configure:3608: checking for sys/stat.h
configure:3629: gcc -c -g -O2  conftest.c >&5
configure:3635: $? = 0
configure:3651: result: yes
configure:3608: checking for stdlib.h
configure:3629: gcc -c -g -O2  conftest.c >&5
configure:3635: $? = 0
configure:3651: result: yes
configure:3608: checking for string.h
configure:3629: gcc -c -g -O2  conftest.c >&5
configure:3635: $? = 0
configure:3651: result: yes
configure:3608: checking for memory.h
configure:3629: gcc -c -g -O2  conftest.c >&5
configure:3635: $? = 0
configure:3651: result: yes
configure:3608: checking for strings.h
configure:3629: gcc -c -g -O2  conftest.c >&5
configure:3635: $? = 0
configure:3651: result: yes
configure:3608: checking for inttypes.h
configure:3629: gcc -c -g -O2  conftest.c >&5
configure:3635: $? = 0
configure:3651: result: yes
configure:3608: checking for stdint.h
configure:3629: gcc -c -g -O2  conftest.c >&5
configure:3635: $? = 0
configure:3651: result: yes
configure:3608: checking for unistd.h
configure:3629: gcc -c -g -O2  conftest.c >&5
configure:3635: $? = 0
configure:3651: result: yes
configure:3684: checking arpa/inet.h usability
configure:3701: gcc -c -g -O2  conftest.c >&5
configure:3707: $? = 0
configure:3721: result: yes
configure:3725: checking arpa/inet.h presence
configure:3740: gcc -E  conftest.c
configure:3746: $? = 0
configure:3760: result: yes
configure:3788: checking for arpa/inet.h
configure:3796: result: yes
configure:3684: checking netdb.h usability
configure:3701: gcc -c -g -O2  conftest.c >&5
configure:3707: $? = 0
configure:3721: result: yes
configure:3725: checking netdb.h presence
configure:3740: gcc -E  conftest.c
configure:3746: $? = 0
configure:3760: result: yes
configure:3788: checking for netdb.h
configure:3796: result: yes
configure:3684: checking netinet/in.h usability
configure:3701: gcc -c -g -O2  conftest.c >&5
configure:3707: $? = 0
configure:3721: result: yes
configure:3725: checking netinet/in.h presence
configure:3740: gcc -E  conftest.c
configure:3746: $? = 0
configure:3760: result: yes
configure:3788: checking for netinet/in.h
configure:3796: result: yes
configure:3674: checking for stdlib.h
configure:3680: result: yes
configure:3674: checking for string.h
configure:3680: result: yes
configure:3684: checking sys/socket.h usability
configure:3701: gcc -c -g -O2  conftest.c >&5
configure:3707: $? = 0
configure:3721: result: yes
configure:3725: checking sys/socket.h presence
configure:3740: gcc -E  conftest.c
configure:3746: $? = 0
configure:3760: result: yes
configure:3788: checking for sys/socket.h
configure:3796: result: yes
configure:3674: checking for unistd.h
configure:3680: result: yes
configure:3829: checking sys/select.h usability
configure:3846: gcc -c -g -O2  conftest.c >&5
configure:3852: $? = 0
configure:3866: result: yes
configure:3870: checking sys/select.h presence
configure:3885: gcc -E  conftest.c
configure:3891: $? = 0
configure:3905: result: yes
configure:3933: checking for sys/select.h
configure:3941: result: yes
configure:3819: checking for sys/socket.h
configure:3825: result: yes
configure:3954: checking types of arguments for select
configure:3992: gcc -c -g -O2  conftest.c >&5
configure:3998: $? = 0
configure:4019: result: int,fd_set *,struct timeval *
configure:4052: checking for getcwd
configure:4108: gcc -o conftest -g -O2   conftest.c  >&5
configure:4114: $? = 0
configure:4132: result: yes
configure:4052: checking for gethostbyname
configure:4108: gcc -o conftest -g -O2   conftest.c  >&5
configure:4114: $? = 0
configure:4132: result: yes
configure:4052: checking for memset
configure:4108: gcc -o conftest -g -O2   conftest.c  >&5
conftest.c:55:6: warning: incompatible redeclaration of library function 'memset' [-Wincompatible-library-redeclaration]
char memset ();
     ^
conftest.c:55:6: note: 'memset' is a builtin with type 'void *(void *, int, unsigned long)'
1 warning generated.
configure:4114: $? = 0
configure:4132: result: yes
configure:4052: checking for select
configure:4108: gcc -o conftest -g -O2   conftest.c  >&5
configure:4114: $? = 0
configure:4132: result: yes
configure:4052: checking for socket
configure:4108: gcc -o conftest -g -O2   conftest.c  >&5
configure:4114: $? = 0
configure:4132: result: yes
configure:4052: checking for strcasecmp
configure:4108: gcc -o conftest -g -O2   conftest.c  >&5
conftest.c:58:6: warning: incompatible redeclaration of library function 'strcasecmp' [-Wincompatible-library-redeclaration]
char strcasecmp ();
     ^
conftest.c:58:6: note: 'strcasecmp' is a builtin with type 'int (const char *, const char *)'
1 warning generated.
configure:4114: $? = 0
configure:4132: result: yes
configure:4052: checking for strrchr
configure:4108: gcc -o conftest -g -O2   conftest.c  >&5
conftest.c:59:6: warning: incompatible redeclaration of library function 'strrchr' [-Wincompatible-library-redeclaration]
char strrchr ();
     ^
conftest.c:59:6: note: 'strrchr' is a builtin with type 'char *(const char *, int)'
1 warning generated.
configure:4114: $? = 0
configure:4132: result: yes
configure:4275: creating ./config.status

## ---------------------- ##
## Running config.status. ##
## ---------------------- ##

This file was extended by ng config.status 0.7.1, which was
generated by GNU Autoconf 2.61.  Invocation command line was

  CONFIG_FILES    = 
  CONFIG_HEADERS  = 
  CONFIG_LINKS    = 
  CONFIG_COMMANDS = 
  $ ./config.status 

on Lesters-MacBook-Pro.local

config.status:574: creating Makefile

## ---------------- ##
## Cache variables. ##
## ---------------- ##

ac_cv_c_compiler_gnu=yes
ac_cv_env_CC_set=
ac_cv_env_CC_value=
ac_cv_env_CFLAGS_set=
ac_cv_env_CFLAGS_value=
ac_cv_env_CPPFLAGS_set=
ac_cv_env_CPPFLAGS_value=
ac_cv_env_CPP_set=
ac_cv_env_CPP_value=
ac_cv_env_LDFLAGS_set=
ac_cv_env_LDFLAGS_value=
ac_cv_env_LIBS_set=
ac_cv_env_LIBS_value=
ac_cv_env_build_alias_set=
ac_cv_env_build_alias_value=
ac_cv_env_host_alias_set=
ac_cv_env_host_alias_value=
ac_cv_env_target_alias_set=
ac_cv_env_target_alias_value=
ac_cv_func_getcwd=yes
ac_cv_func_gethostbyname=yes
ac_cv_func_memset=yes
ac_cv_func_select=yes
ac_cv_func_select_args='int,fd_set *,struct timeval *'
ac_cv_func_socket=yes
ac_cv_func_strcasecmp=yes
ac_cv_func_strrchr=yes
ac_cv_header_arpa_inet_h=yes
ac_cv_header_inttypes_h=yes
ac_cv_header_memory_h=yes
ac_cv_header_netdb_h=yes
ac_cv_header_netinet_in_h=yes
ac_cv_header_stdc=yes
ac_cv_header_stdint_h=yes
ac_cv_header_stdlib_h=yes
ac_cv_header_string_h=yes
ac_cv_header_strings_h=yes
ac_cv_header_sys_select_h=yes
ac_cv_header_sys_socket_h=yes
ac_cv_header_sys_stat_h=yes
ac_cv_header_sys_types_h=yes
ac_cv_header_unistd_h=yes
ac_cv_lib_nsl_gethostbyname=no
ac_cv_lib_socket_send=no
ac_cv_lib_wsock32_WriteFile=no
ac_cv_objext=o
ac_cv_path_EGREP='/usr/bin/grep -E'
ac_cv_path_GREP=/usr/bin/grep
ac_cv_prog_CPP='gcc -E'
ac_cv_prog_ac_ct_CC=gcc
ac_cv_prog_cc_c89=
ac_cv_prog_cc_c99=
ac_cv_prog_cc_g=yes

## ----------------- ##
## Output variables. ##
## ----------------- ##

CC='gcc'
CFLAGS='-g -O2'
CPP='gcc -E'
CPPFLAGS=''
DEFS='-DPACKAGE_NAME=\"ng\" -DPACKAGE_TARNAME=\"ng\" -DPACKAGE_VERSION=\"0.7.1\" -DPACKAGE_STRING=\"ng\ 0.7.1\" -DPACKAGE_BUGREPORT=\"\" -DSTDC_HEADERS=1 -DHAVE_SYS_TYPES_H=1 -DHAVE_SYS_STAT_H=1 -DHAVE_STDLIB_H=1 -DHAVE_STRING_H=1 -DHAVE_MEMORY_H=1 -DHAVE_STRINGS_H=1 -DHAVE_INTTYPES_H=1 -DHAVE_STDINT_H=1 -DHAVE_UNISTD_H=1 -DHAVE_ARPA_INET_H=1 -DHAVE_NETDB_H=1 -DHAVE_NETINET_IN_H=1 -DHAVE_STDLIB_H=1 -DHAVE_STRING_H=1 -DHAVE_SYS_SOCKET_H=1 -DHAVE_UNISTD_H=1 -DHAVE_SYS_SELECT_H=1 -DHAVE_SYS_SOCKET_H=1 -DSELECT_TYPE_ARG1=int -DSELECT_TYPE_ARG234=\(fd_set\ \*\) -DSELECT_TYPE_ARG5=\(struct\ timeval\ \*\) -DHAVE_GETCWD=1 -DHAVE_GETHOSTBYNAME=1 -DHAVE_MEMSET=1 -DHAVE_SELECT=1 -DHAVE_SOCKET=1 -DHAVE_STRCASECMP=1 -DHAVE_STRRCHR=1'
ECHO_C='ECHO_N=''
ECHO_T=''
EGREP='/usr/bin/grep -E'
EXEEXT=''
GREP='/usr/bin/grep'
LDFLAGS=''
LIBOBJS=''
LIBS=''
LTLIBOBJS=''
OBJEXT='o'
PACKAGE_BUGREPORT=''
PACKAGE_NAME='ng'
PACKAGE_STRING='ng 0.7.1'
PACKAGE_TARNAME='ng'
PACKAGE_VERSION='0.7.1'
PATH_SEPARATOR=':'
SHELL='/bin/sh'
ac_ct_CC='gcc'
bindir='${exec_prefix}/bin'
build_alias=''
datadir='${datarootdir}'
datarootdir='${prefix}/share'
docdir='${datarootdir}/doc/${PACKAGE_TARNAME}'
dvidir='${docdir}'
exec_prefix='${prefix}'
host_alias=''
htmldir='${docdir}'
includedir='${prefix}/include'
infodir='${datarootdir}/info'
libdir='${exec_prefix}/lib'
libexecdir='${exec_prefix}/libexec'
localedir='${datarootdir}/locale'
localstatedir='${prefix}/var'
mandir='${datarootdir}/man'
oldincludedir='/usr/include'
pdfdir='${docdir}'
prefix='/usr/local'
program_transform_name='s,x,x,'
psdir='${docdir}'
sbindir='${exec_prefix}/sbin'
sharedstatedir='${prefix}/com'
sysconfdir='${prefix}/etc'
target_alias=''

## ----------- ##
## confdefs.h. ##
## ----------- ##

#define PACKAGE_NAME "ng"
#define PACKAGE_TARNAME "ng"
#define PACKAGE_VERSION "0.7.1"
#define PACKAGE_STRING "ng 0.7.1"
#define PACKAGE_BUGREPORT ""
#define STDC_HEADERS 1
#define HAVE_SYS_TYPES_H 1
#define HAVE_SYS_STAT_H 1
#define HAVE_STDLIB_H 1
#define HAVE_STRING_H 1
#define HAVE_MEMORY_H 1
#define HAVE_STRINGS_H 1
#define HAVE_INTTYPES_H 1
#define HAVE_STDINT_H 1
#define HAVE_UNISTD_H 1
#define HAVE_ARPA_INET_H 1
#define HAVE_NETDB_H 1
#define HAVE_NETINET_IN_H 1
#define HAVE_STDLIB_H 1
#define HAVE_STRING_H 1
#define HAVE_SYS_SOCKET_H 1
#define HAVE_UNISTD_H 1
#define HAVE_SYS_SELECT_H 1
#define HAVE_SYS_SOCKET_H 1
#define SELECT_TYPE_ARG1 int
#define SELECT_TYPE_ARG234 (fd_set *)
#define SELECT_TYPE_ARG5 (struct timeval *)
#define HAVE_GETCWD 1
#define HAVE_GETHOSTBYNAME 1
#define HAVE_MEMSET 1
#define HAVE_SELECT 1
#define HAVE_SOCKET 1
#define HAVE_STRCASECMP 1
#define HAVE_STRRCHR 1

configure: exit 0
